
2023/08/31 02:07:04 E:/code/go/ginDome/initialize/gorm.go:37
[error] failed to initialize database, got error dial tcp 127.0.0.1:3306: connectex: No connection could be made because the target machine actively refused it.

2023/08/31 02:19:39 E:/code/go/ginDome/router/router.go:26 Error 1146 (42S02): Table 'gin-demo.user' doesn't exist
[1.505ms] [rows:0] SELECT * FROM `user` WHERE `user`.`deleted_at` IS NULL

2023/08/31 02:20:04 E:/code/go/ginDome/router/router.go:26 Error 1146 (42S02): Table 'gin-demo.user' doesn't exist
[0.882ms] [rows:0] SELECT * FROM `user` WHERE `user`.`deleted_at` IS NULL

2023/08/31 02:20:16 E:/code/go/ginDome/router/router.go:27 Error 1146 (42S02): Table 'gin-demo.user' doesn't exist
[1.016ms] [rows:0] SELECT * FROM `user` WHERE `user`.`deleted_at` IS NULL

2023/08/31 02:22:29 E:/code/go/ginDome/router/router.go:27 Error 1146 (42S02): Table 'gin-demo.user' doesn't exist
[1.017ms] [rows:0] SELECT * FROM `user` WHERE `user`.`deleted_at` IS NULL

2023/08/31 02:23:16 E:/code/go/ginDome/router/router.go:27 Error 1146 (42S02): Table 'gin-demo.user' doesn't exist
[2.020ms] [rows:0] SELECT * FROM `user` WHERE `user`.`deleted_at` IS NULL

2023/08/31 02:25:05 E:/code/go/ginDome/router/router.go:27 Error 1146 (42S02): Table 'gin-demo.user' doesn't exist
[1.506ms] [rows:0] SELECT * FROM `user` WHERE `user`.`deleted_at` IS NULL

2023/08/31 02:26:38 E:/code/go/ginDome/router/router.go:27 Error 1146 (42S02): Table 'gin-demo.user' doesn't exist
[1.505ms] [rows:0] SELECT * FROM `user` WHERE `user`.`deleted_at` IS NULL

2023/08/31 02:27:05 E:/code/go/ginDome/router/router.go:27
[15.538ms] [rows:1] SELECT * FROM `gd_user` WHERE `gd_user`.`deleted_at` IS NULL

2023/08/31 18:59:16 E:/code/go/ginDome/router/router.go:27
[15.214ms] [rows:1] SELECT * FROM `gd_user` WHERE `gd_user`.`deleted_at` IS NULL

2023/09/21 17:24:12 E:/code/go/ginDome/initialize/gorm.go:37
[error] failed to initialize database, got error dial tcp 127.0.0.1:3306: connectex: No connection could be made because the target machine actively refused it.

2023/09/21 17:25:17 E:/code/go/ginDome/router/router.go:28
[32.526ms] [rows:1] SELECT * FROM `gd_user` WHERE `gd_user`.`deleted_at` IS NULL

2023/09/21 17:25:48 E:/code/go/ginDome/router/router.go:28
[15.757ms] [rows:1] SELECT * FROM `gd_user` WHERE `gd_user`.`deleted_at` IS NULL

2023/09/21 17:25:52 E:/code/go/ginDome/router/router.go:28
[0.000ms] [rows:1] SELECT * FROM `gd_user` WHERE `gd_user`.`deleted_at` IS NULL

2023/09/22 15:15:49 E:/code/go/ginDome/initialize/gorm.go:37
[error] failed to initialize database, got error dial tcp 127.0.0.1:3306: connectex: No connection could be made because the target machine actively refused it.

2023/09/22 15:19:14 E:/code/go/ginDome/initialize/gorm.go:37
[error] failed to initialize database, got error dial tcp 127.0.0.1:3306: connectex: No connection could be made because the target machine actively refused it.

2023/09/23 14:16:38 E:/code/go/ginDome/model/entity/user.go:31
[1.030ms] [rows:1] SELECT * FROM `gd_user` WHERE `gd_user`.`deleted_at` IS NULL

2023/09/23 14:17:46 E:/code/go/ginDome/model/entity/user.go:31
[0.056ms] [rows:1] SELECT * FROM `gd_user` WHERE `gd_user`.`deleted_at` IS NULL

2023/09/23 14:17:55 E:/code/go/ginDome/model/entity/user.go:31
[1.079ms] [rows:1] SELECT * FROM `gd_user` WHERE `gd_user`.`user_id` = 2 AND `gd_user`.`deleted_at` IS NULL

2023/09/23 14:18:34 E:/code/go/ginDome/model/entity/user.go:31
[0.739ms] [rows:0] SELECT * FROM `gd_user` WHERE `gd_user`.`user_id` = 5 AND `gd_user`.`deleted_at` IS NULL

2023/09/23 18:26:33 E:/code/go/ginDome/model/entity/user.go:25
[0.514ms] [rows:1] SELECT * FROM `gd_user` WHERE `gd_user`.`user_name` = 'admin' AND `gd_user`.`deleted_at` IS NULL

2023/09/23 18:34:02 E:/code/go/ginDome/model/entity/user.go:25
[0.740ms] [rows:1] SELECT * FROM `gd_user` WHERE `gd_user`.`user_name` = 'admin' AND `gd_user`.`deleted_at` IS NULL

2023/09/23 18:43:09 E:/code/go/ginDome/model/entity/user.go:25
[0.515ms] [rows:1] SELECT * FROM `gd_user` WHERE `gd_user`.`user_name` = 'admin' AND `gd_user`.`deleted_at` IS NULL

2023/09/23 22:01:16 E:/code/go/ginDome/model/entity/user.go:25
[0.637ms] [rows:1] SELECT * FROM `gd_user` WHERE `gd_user`.`user_name` = 'admin' AND `gd_user`.`deleted_at` IS NULL

2023/09/23 22:01:22 E:/code/go/ginDome/model/entity/user.go:25
[0.813ms] [rows:1] SELECT * FROM `gd_user` WHERE `gd_user`.`user_name` = 'admin' AND `gd_user`.`deleted_at` IS NULL

2023/09/23 22:01:24 E:/code/go/ginDome/model/entity/user.go:25
[0.000ms] [rows:1] SELECT * FROM `gd_user` WHERE `gd_user`.`user_name` = 'admin' AND `gd_user`.`deleted_at` IS NULL

2023/09/23 22:02:54 E:/code/go/ginDome/model/entity/user.go:25
[1.294ms] [rows:1] SELECT * FROM `gd_user` WHERE `gd_user`.`user_name` = 'admin' AND `gd_user`.`deleted_at` IS NULL

2023/09/23 22:39:41 E:/code/go/ginDome/model/entity/user.go:25
[0.661ms] [rows:1] SELECT * FROM `gd_user` WHERE `gd_user`.`user_name` = 'admin' AND `gd_user`.`deleted_at` IS NULL

2023/09/23 22:39:52 E:/code/go/ginDome/model/entity/user.go:25
[0.846ms] [rows:1] SELECT * FROM `gd_user` WHERE `gd_user`.`user_name` = 'admin' AND `gd_user`.`deleted_at` IS NULL

2023/09/23 22:49:54 E:/code/go/ginDome/model/entity/user.go:25
[1.031ms] [rows:1] SELECT * FROM `gd_user` WHERE `gd_user`.`user_name` = 'admin' AND `gd_user`.`deleted_at` IS NULL

2023/09/23 22:51:44 E:/code/go/ginDome/model/entity/user.go:25
[0.000ms] [rows:1] SELECT * FROM `gd_user` WHERE `gd_user`.`user_name` = 'admin' AND `gd_user`.`deleted_at` IS NULL

2023/09/23 22:52:29 E:/code/go/ginDome/model/entity/user.go:25
[1.059ms] [rows:1] SELECT * FROM `gd_user` WHERE `gd_user`.`user_name` = 'admin' AND `gd_user`.`deleted_at` IS NULL

2023/09/23 22:52:32 E:/code/go/ginDome/model/entity/user.go:25
[0.000ms] [rows:1] SELECT * FROM `gd_user` WHERE `gd_user`.`user_name` = 'admin' AND `gd_user`.`deleted_at` IS NULL

2023/09/23 22:55:31 E:/code/go/ginDome/model/entity/user.go:25
[1.283ms] [rows:1] SELECT * FROM `gd_user` WHERE `gd_user`.`user_name` = 'admin' AND `gd_user`.`deleted_at` IS NULL

2023/09/23 22:55:48 E:/code/go/ginDome/model/entity/user.go:25
[0.599ms] [rows:1] SELECT * FROM `gd_user` WHERE `gd_user`.`user_name` = 'admin' AND `gd_user`.`deleted_at` IS NULL

2023/09/23 22:57:16 E:/code/go/ginDome/model/entity/user.go:25
[0.714ms] [rows:1] SELECT * FROM `gd_user` WHERE `gd_user`.`user_name` = 'admin' AND `gd_user`.`deleted_at` IS NULL

2023/09/23 23:11:15 E:/code/go/ginDome/model/entity/user.go:25
[1.268ms] [rows:1] SELECT * FROM `gd_user` WHERE `gd_user`.`user_name` = 'admin' AND `gd_user`.`deleted_at` IS NULL

2023/09/23 23:11:46 E:/code/go/ginDome/model/entity/user.go:25
[0.791ms] [rows:1] SELECT * FROM `gd_user` WHERE `gd_user`.`user_id` = 2 AND `gd_user`.`deleted_at` IS NULL

2023/09/23 23:15:20 E:/code/go/ginDome/model/entity/user.go:25
[1.250ms] [rows:1] SELECT * FROM `gd_user` WHERE `gd_user`.`user_id` = 2 AND `gd_user`.`deleted_at` IS NULL

2023/09/23 23:17:15 E:/code/go/ginDome/model/entity/user.go:25
[1.029ms] [rows:1] SELECT * FROM `gd_user` WHERE `gd_user`.`user_id` = 2 AND `gd_user`.`deleted_at` IS NULL

2023/09/23 23:17:43 E:/code/go/ginDome/model/entity/user.go:25
[0.712ms] [rows:1] SELECT * FROM `gd_user` WHERE `gd_user`.`user_id` = 2 AND `gd_user`.`deleted_at` IS NULL

2023/09/23 23:18:16 E:/code/go/ginDome/model/entity/user.go:25
[1.038ms] [rows:1] SELECT * FROM `gd_user` WHERE `gd_user`.`user_id` = 2 AND `gd_user`.`deleted_at` IS NULL

2023/09/23 23:19:17 E:/code/go/ginDome/model/entity/user.go:25
[0.708ms] [rows:1] SELECT * FROM `gd_user` WHERE `gd_user`.`user_id` = 2 AND `gd_user`.`deleted_at` IS NULL

2023/09/23 23:20:44 E:/code/go/ginDome/model/entity/user.go:25
[1.236ms] [rows:1] SELECT * FROM `gd_user` WHERE `gd_user`.`user_id` = 2 AND `gd_user`.`deleted_at` IS NULL

2023/09/23 23:21:58 E:/code/go/ginDome/model/entity/user.go:25
[1.038ms] [rows:1] SELECT * FROM `gd_user` WHERE `gd_user`.`user_id` = 2 AND `gd_user`.`deleted_at` IS NULL

2023/09/23 23:23:43 E:/code/go/ginDome/model/entity/user.go:25
[1.031ms] [rows:1] SELECT * FROM `gd_user` WHERE `gd_user`.`user_id` = 2 AND `gd_user`.`deleted_at` IS NULL

2023/09/23 23:47:31 E:/code/go/ginDome/model/entity/user.go:25
[1.027ms] [rows:1] SELECT * FROM `gd_user` WHERE `gd_user`.`user_id` = 2 AND `gd_user`.`deleted_at` IS NULL

2023/09/23 23:47:53 E:/code/go/ginDome/model/entity/user.go:25
[0.505ms] [rows:1] SELECT * FROM `gd_user` WHERE `gd_user`.`user_id` = 2 AND `gd_user`.`deleted_at` IS NULL

2023/09/23 23:55:05 E:/code/go/ginDome/model/entity/user.go:25
[0.616ms] [rows:1] SELECT * FROM `gd_user` WHERE `gd_user`.`user_id` = 2 AND `gd_user`.`deleted_at` IS NULL

2023/09/23 23:55:15 E:/code/go/ginDome/model/entity/user.go:25
[0.594ms] [rows:1] SELECT * FROM `gd_user` WHERE `gd_user`.`user_name` = 'admin' AND `gd_user`.`deleted_at` IS NULL

2023/09/24 00:06:40 E:/code/go/ginDome/model/entity/user.go:25
[1.227ms] [rows:1] SELECT * FROM `gd_user` WHERE `gd_user`.`user_name` = 'test' AND `gd_user`.`deleted_at` IS NULL

2023/09/24 00:06:44 E:/code/go/ginDome/model/entity/user.go:25
[0.887ms] [rows:0] SELECT * FROM `gd_user` WHERE `gd_user`.`user_name` = 'test1' AND `gd_user`.`deleted_at` IS NULL

2023/09/24 00:12:30 E:/code/go/ginDome/model/entity/user.go:25
[1.398ms] [rows:0] SELECT * FROM `gd_user` WHERE `gd_user`.`user_name` = 'test1' AND `gd_user`.`deleted_at` IS NULL

2023/09/24 00:13:53 E:/code/go/ginDome/model/entity/user.go:25
[0.537ms] [rows:0] SELECT * FROM `gd_user` WHERE `gd_user`.`user_name` = 'test1' AND `gd_user`.`deleted_at` IS NULL

2023/09/24 00:13:57 E:/code/go/ginDome/model/entity/user.go:25
[0.011ms] [rows:0] SELECT * FROM `gd_user` WHERE `gd_user`.`user_name` = 'test1' AND `gd_user`.`deleted_at` IS NULL

2023/09/24 00:14:42 E:/code/go/ginDome/model/entity/user.go:25
[1.152ms] [rows:0] SELECT * FROM `gd_user` WHERE `gd_user`.`user_name` = 'test1' AND `gd_user`.`deleted_at` IS NULL

2023/09/24 00:18:24 E:/code/go/ginDome/model/entity/user.go:25
[0.523ms] [rows:0] SELECT * FROM `gd_user` WHERE `gd_user`.`user_name` = 'test1' AND `gd_user`.`deleted_at` IS NULL

2023/09/24 00:23:32 E:/code/go/ginDome/model/entity/user.go:25
[1.770ms] [rows:1] SELECT * FROM `gd_user` WHERE `gd_user`.`user_name` = 'test' AND `gd_user`.`deleted_at` IS NULL

2023/09/24 00:23:43 E:/code/go/ginDome/model/entity/user.go:25
[0.518ms] [rows:1] SELECT * FROM `gd_user` WHERE `gd_user`.`user_id` = 1 AND `gd_user`.`deleted_at` IS NULL

2023/09/24 00:23:55 E:/code/go/ginDome/model/entity/user.go:25
[0.688ms] [rows:1] SELECT * FROM `gd_user` WHERE `gd_user`.`user_id` = 1 AND `gd_user`.`deleted_at` IS NULL

2023/09/24 00:24:03 E:/code/go/ginDome/model/entity/user.go:25
[0.524ms] [rows:1] SELECT * FROM `gd_user` WHERE `gd_user`.`user_id` = 2 AND `gd_user`.`deleted_at` IS NULL

2023/09/24 00:24:07 E:/code/go/ginDome/model/entity/user.go:25
[0.520ms] [rows:1] SELECT * FROM `gd_user` WHERE `gd_user`.`user_id` = 2 AND `gd_user`.`deleted_at` IS NULL

2023/09/24 00:24:13 E:/code/go/ginDome/model/entity/user.go:25
[0.520ms] [rows:1] SELECT * FROM `gd_user` WHERE `gd_user`.`user_id` = 1 AND `gd_user`.`deleted_at` IS NULL

2023/09/24 00:24:18 E:/code/go/ginDome/model/entity/user.go:25
[0.961ms] [rows:0] SELECT * FROM `gd_user` WHERE `gd_user`.`user_name` = 'test1' AND `gd_user`.`deleted_at` IS NULL

2023/09/24 00:24:26 E:/code/go/ginDome/model/entity/user.go:25
[0.605ms] [rows:1] SELECT * FROM `gd_user` WHERE `gd_user`.`user_name` = 'test' AND `gd_user`.`deleted_at` IS NULL

2023/09/24 00:24:28 E:/code/go/ginDome/model/entity/user.go:25
[0.000ms] [rows:1] SELECT * FROM `gd_user` WHERE `gd_user`.`deleted_at` IS NULL

2023/09/24 00:50:19 E:/code/go/ginDome/model/entity/user.go:25
[0.517ms] [rows:1] SELECT * FROM `gd_user` WHERE `gd_user`.`deleted_at` IS NULL

2023/09/24 00:51:25 E:/code/go/ginDome/model/entity/user.go:25
[0.518ms] [rows:1] SELECT * FROM `gd_user` WHERE `gd_user`.`deleted_at` IS NULL

2023/09/24 00:55:11 E:/code/go/ginDome/model/entity/user.go:25
[0.671ms] [rows:1] SELECT * FROM `gd_user` WHERE `gd_user`.`user_name` = 'test' AND `gd_user`.`deleted_at` IS NULL

2023/09/24 00:55:33 E:/code/go/ginDome/model/entity/user.go:25
[0.514ms] [rows:1] SELECT * FROM `gd_user` WHERE `gd_user`.`user_id` = 2 AND `gd_user`.`deleted_at` IS NULL

2023/09/24 00:55:42 E:/code/go/ginDome/model/entity/user.go:25
[0.000ms] [rows:1] SELECT * FROM `gd_user` WHERE `gd_user`.`user_id` = 1 AND `gd_user`.`deleted_at` IS NULL

2023/09/24 19:43:11 E:/code/go/ginDome/model/entity/user.go:29
[0.509ms] [rows:1] SELECT * FROM `gd_user` WHERE `gd_user`.`user_id` = 2 AND `gd_user`.`deleted_at` IS NULL

2023/09/24 19:44:54 E:/code/go/ginDome/model/entity/user.go:29
[0.650ms] [rows:1] SELECT * FROM `gd_user` WHERE `gd_user`.`user_id` = 2 AND `gd_user`.`deleted_at` IS NULL

2023/09/24 19:46:34 E:/code/go/ginDome/model/entity/user.go:29
[0.510ms] [rows:1] SELECT * FROM `gd_user` WHERE `gd_user`.`user_id` = 2 AND `gd_user`.`deleted_at` IS NULL

2023/09/24 19:46:56 E:/code/go/ginDome/model/entity/user.go:29
[0.520ms] [rows:1] SELECT * FROM `gd_user` WHERE `gd_user`.`user_id` = 2 AND `gd_user`.`deleted_at` IS NULL

2023/09/24 19:48:53 E:/code/go/ginDome/model/entity/user.go:29
[0.518ms] [rows:1] SELECT * FROM `gd_user` WHERE `gd_user`.`user_id` = 2 AND `gd_user`.`deleted_at` IS NULL

2023/09/24 20:08:12 E:/code/go/ginDome/model/entity/user.go:29
[0.581ms] [rows:1] SELECT * FROM `gd_user` WHERE `gd_user`.`user_id` = 2 AND `gd_user`.`deleted_at` IS NULL

2023/09/24 20:11:24 E:/code/go/ginDome/model/entity/user.go:29
[0.518ms] [rows:1] SELECT * FROM `gd_user` WHERE `gd_user`.`user_id` = 2 AND `gd_user`.`deleted_at` IS NULL

2023/09/24 20:11:28 E:/code/go/ginDome/model/entity/user.go:29
[0.695ms] [rows:1] SELECT * FROM `gd_user` WHERE `gd_user`.`user_id` = 2 AND `gd_user`.`deleted_at` IS NULL

2023/09/24 20:14:05 E:/code/go/ginDome/model/entity/user.go:29
[0.567ms] [rows:1] SELECT * FROM `gd_user` WHERE `gd_user`.`user_id` = 2 AND `gd_user`.`deleted_at` IS NULL

2023/09/24 20:14:11 E:/code/go/ginDome/model/entity/user.go:29
[0.000ms] [rows:1] SELECT * FROM `gd_user` WHERE `gd_user`.`user_id` = 2 AND `gd_user`.`deleted_at` IS NULL

2023/09/24 20:17:08 E:/code/go/ginDome/model/entity/user.go:29
[0.518ms] [rows:1] SELECT * FROM `gd_user` WHERE `gd_user`.`user_id` = 2 AND `gd_user`.`deleted_at` IS NULL

2023/09/24 20:19:11 E:/code/go/ginDome/model/entity/user.go:29
[1.256ms] [rows:1] SELECT * FROM `gd_user` WHERE `gd_user`.`user_id` = 2 AND `gd_user`.`deleted_at` IS NULL

2023/09/24 20:30:54 E:/code/go/ginDome/model/entity/user.go:29
[0.517ms] [rows:1] SELECT * FROM `gd_user` WHERE `gd_user`.`user_id` = 2 AND `gd_user`.`deleted_at` IS NULL

2023/09/24 20:32:05 E:/code/go/ginDome/model/entity/user.go:29
[0.679ms] [rows:1] SELECT * FROM `gd_user` WHERE `gd_user`.`user_id` = 2 AND `gd_user`.`deleted_at` IS NULL

2023/09/24 20:32:23 E:/code/go/ginDome/model/entity/user.go:29
[0.000ms] [rows:1] SELECT * FROM `gd_user` WHERE `gd_user`.`user_id` = 2 AND `gd_user`.`deleted_at` IS NULL

2023/09/24 20:34:11 E:/code/go/ginDome/model/entity/user.go:29
[1.019ms] [rows:1] SELECT * FROM `gd_user` WHERE `gd_user`.`user_id` = 2 AND `gd_user`.`deleted_at` IS NULL

2023/09/24 20:34:11 E:/code/go/ginDome/model/entity/user.go:64
[0.652ms] [rows:0] SELECT * FROM `gd_user` WHERE user_name like '%john_doe%' AND nick_name like '%John%' AND phone = '12345678901' AND `gd_user`.`deleted_at` IS NULL ORDER BY user_name asc,nick_name desc,phone desc LIMIT 10

2023/09/24 20:34:29 E:/code/go/ginDome/model/entity/user.go:29
[0.517ms] [rows:1] SELECT * FROM `gd_user` WHERE `gd_user`.`user_id` = 2 AND `gd_user`.`deleted_at` IS NULL

2023/09/24 20:34:29 E:/code/go/ginDome/model/entity/user.go:64
[0.558ms] [rows:0] SELECT * FROM `gd_user` WHERE user_name like '%admin%' AND nick_name like '%John%' AND phone = '12345678901' AND `gd_user`.`deleted_at` IS NULL ORDER BY user_name asc,nick_name desc,phone desc LIMIT 10

2023/09/24 20:34:32 E:/code/go/ginDome/model/entity/user.go:29
[0.519ms] [rows:1] SELECT * FROM `gd_user` WHERE `gd_user`.`user_id` = 2 AND `gd_user`.`deleted_at` IS NULL

2023/09/24 20:34:32 E:/code/go/ginDome/model/entity/user.go:64
[0.539ms] [rows:0] SELECT * FROM `gd_user` WHERE user_name like '%admin%' AND nick_name like '%John%' AND phone = '12345678901' AND `gd_user`.`deleted_at` IS NULL ORDER BY user_name asc,nick_name desc,phone desc LIMIT 10

2023/09/24 20:34:41 E:/code/go/ginDome/model/entity/user.go:29
[0.000ms] [rows:1] SELECT * FROM `gd_user` WHERE `gd_user`.`user_id` = 2 AND `gd_user`.`deleted_at` IS NULL

2023/09/24 20:34:41 E:/code/go/ginDome/model/entity/user.go:64
[0.000ms] [rows:0] SELECT * FROM `gd_user` WHERE user_name like '%admin%' AND nick_name like '%John%' AND phone = '12345678901' AND `gd_user`.`deleted_at` IS NULL ORDER BY user_name asc,nick_name desc,phone desc LIMIT 10

2023/09/24 20:36:01 E:/code/go/ginDome/model/entity/user.go:29
[0.530ms] [rows:1] SELECT * FROM `gd_user` WHERE `gd_user`.`user_id` = 2 AND `gd_user`.`deleted_at` IS NULL

2023/09/24 20:36:57 E:/code/go/ginDome/model/entity/user.go:29
[0.513ms] [rows:1] SELECT * FROM `gd_user` WHERE `gd_user`.`user_id` = 2 AND `gd_user`.`deleted_at` IS NULL

2023/09/24 20:39:17 E:/code/go/ginDome/model/entity/user.go:29
[0.516ms] [rows:1] SELECT * FROM `gd_user` WHERE `gd_user`.`user_id` = 2 AND `gd_user`.`deleted_at` IS NULL

2023/09/24 20:39:17 E:/code/go/ginDome/model/entity/user.go:64
[0.654ms] [rows:1] SELECT * FROM `gd_user` WHERE user_name like '%admin%' AND `gd_user`.`deleted_at` IS NULL ORDER BY user_name asc,nick_name desc,phone desc LIMIT 10

2023/09/24 20:39:27 E:/code/go/ginDome/model/entity/user.go:29
[0.000ms] [rows:1] SELECT * FROM `gd_user` WHERE `gd_user`.`user_id` = 2 AND `gd_user`.`deleted_at` IS NULL

2023/09/24 20:39:27 E:/code/go/ginDome/model/entity/user.go:64
[0.000ms] [rows:0] SELECT * FROM `gd_user` WHERE user_name like '%john_doe%' AND nick_name like '%John%' AND phone = '12345678901' AND `gd_user`.`deleted_at` IS NULL ORDER BY user_name asc,nick_name desc,phone desc LIMIT 10

2023/09/24 20:39:30 E:/code/go/ginDome/model/entity/user.go:29
[0.000ms] [rows:1] SELECT * FROM `gd_user` WHERE `gd_user`.`user_id` = 2 AND `gd_user`.`deleted_at` IS NULL

2023/09/24 20:39:30 E:/code/go/ginDome/model/entity/user.go:64
[0.097ms] [rows:0] SELECT * FROM `gd_user` WHERE user_name like '%john_doe%' AND nick_name like '%John%' AND phone = '12345678901' AND `gd_user`.`deleted_at` IS NULL ORDER BY user_name asc,nick_name desc,phone desc LIMIT 10

2023/09/24 20:39:42 E:/code/go/ginDome/model/entity/user.go:29
[0.508ms] [rows:1] SELECT * FROM `gd_user` WHERE `gd_user`.`user_id` = 2 AND `gd_user`.`deleted_at` IS NULL

2023/09/24 20:39:42 E:/code/go/ginDome/model/entity/user.go:64
[0.518ms] [rows:0] SELECT * FROM `gd_user` WHERE user_name like '%admin%' AND nick_name like '%John%' AND phone = '12345678901' AND `gd_user`.`deleted_at` IS NULL ORDER BY user_name asc,nick_name desc,phone desc LIMIT 10

2023/09/24 20:39:47 E:/code/go/ginDome/model/entity/user.go:29
[0.518ms] [rows:1] SELECT * FROM `gd_user` WHERE `gd_user`.`user_id` = 2 AND `gd_user`.`deleted_at` IS NULL

2023/09/24 20:39:47 E:/code/go/ginDome/model/entity/user.go:64
[0.000ms] [rows:0] SELECT * FROM `gd_user` WHERE user_name like '%admin%' AND nick_name like '%John%' AND phone = '12345678901' AND `gd_user`.`deleted_at` IS NULL ORDER BY user_name asc,nick_name desc,phone desc LIMIT 10

2023/09/24 20:39:51 E:/code/go/ginDome/model/entity/user.go:29
[0.000ms] [rows:1] SELECT * FROM `gd_user` WHERE `gd_user`.`user_id` = 2 AND `gd_user`.`deleted_at` IS NULL

2023/09/24 20:39:51 E:/code/go/ginDome/model/entity/user.go:64
[0.000ms] [rows:0] SELECT * FROM `gd_user` WHERE user_name like '%admin%' AND nick_name like '%John%' AND phone = '12345678901' AND `gd_user`.`deleted_at` IS NULL ORDER BY user_name asc,nick_name desc,phone desc LIMIT 10

2023/09/24 20:41:01 E:/code/go/ginDome/model/entity/user.go:29
[0.655ms] [rows:1] SELECT * FROM `gd_user` WHERE `gd_user`.`user_id` = 2 AND `gd_user`.`deleted_at` IS NULL

2023/09/24 20:41:01 E:/code/go/ginDome/model/entity/user.go:64
[0.516ms] [rows:1] SELECT * FROM `gd_user` WHERE user_name like '%admin%' AND `gd_user`.`deleted_at` IS NULL LIMIT 10

2023/09/24 20:41:08 E:/code/go/ginDome/model/entity/user.go:29
[0.000ms] [rows:1] SELECT * FROM `gd_user` WHERE `gd_user`.`user_id` = 2 AND `gd_user`.`deleted_at` IS NULL

2023/09/24 20:41:08 E:/code/go/ginDome/model/entity/user.go:64
[0.550ms] [rows:0] SELECT * FROM `gd_user` WHERE user_name like '%john_doe%' AND nick_name like '%John%' AND phone = '12345678901' AND `gd_user`.`deleted_at` IS NULL ORDER BY user_name asc,nick_name desc,phone desc LIMIT 10

2023/09/24 20:41:23 E:/code/go/ginDome/model/entity/user.go:29
[0.509ms] [rows:1] SELECT * FROM `gd_user` WHERE `gd_user`.`user_id` = 2 AND `gd_user`.`deleted_at` IS NULL

2023/09/24 20:41:23 E:/code/go/ginDome/model/entity/user.go:64
[0.000ms] [rows:0] SELECT * FROM `gd_user` WHERE user_name like '%admin%' AND nick_name like '%John%' AND phone = '12345678901' AND `gd_user`.`deleted_at` IS NULL ORDER BY user_name asc,nick_name desc,phone desc LIMIT 10

2023/09/24 20:41:28 E:/code/go/ginDome/model/entity/user.go:29
[0.612ms] [rows:1] SELECT * FROM `gd_user` WHERE `gd_user`.`user_id` = 2 AND `gd_user`.`deleted_at` IS NULL

2023/09/24 20:41:28 E:/code/go/ginDome/model/entity/user.go:64
[0.518ms] [rows:0] SELECT * FROM `gd_user` WHERE user_name like '%admin%' AND nick_name like '%John%' AND phone = '12345678901' AND `gd_user`.`deleted_at` IS NULL ORDER BY user_name asc,nick_name desc,phone desc LIMIT 10

2023/09/24 20:42:54 E:/code/go/ginDome/model/entity/user.go:29
[0.514ms] [rows:1] SELECT * FROM `gd_user` WHERE `gd_user`.`user_id` = 2 AND `gd_user`.`deleted_at` IS NULL

2023/09/24 20:43:07 E:/code/go/ginDome/model/entity/user.go:29
[0.513ms] [rows:1] SELECT * FROM `gd_user` WHERE `gd_user`.`user_id` = 2 AND `gd_user`.`deleted_at` IS NULL

2023/09/24 20:43:28 E:/code/go/ginDome/model/entity/user.go:29
[0.703ms] [rows:1] SELECT * FROM `gd_user` WHERE `gd_user`.`user_id` = 2 AND `gd_user`.`deleted_at` IS NULL

2023/09/24 20:46:28 E:/code/go/ginDome/model/entity/user.go:29
[0.012ms] [rows:1] SELECT * FROM `gd_user` WHERE `gd_user`.`user_id` = 2 AND `gd_user`.`deleted_at` IS NULL

2023/09/24 20:46:28 E:/code/go/ginDome/model/entity/user.go:64
[0.617ms] [rows:0] SELECT * FROM `gd_user` WHERE user_name like '%admin%' AND nick_name like '%John%' AND phone = '12345678901' AND `gd_user`.`deleted_at` IS NULL ORDER BY user_name asc,nick_name desc,phone desc LIMIT 10

2023/09/24 20:46:36 E:/code/go/ginDome/model/entity/user.go:29
[0.511ms] [rows:1] SELECT * FROM `gd_user` WHERE `gd_user`.`user_id` = 2 AND `gd_user`.`deleted_at` IS NULL

2023/09/24 20:46:36 E:/code/go/ginDome/model/entity/user.go:64
[0.618ms] [rows:1] SELECT * FROM `gd_user` WHERE user_name like '%admin%' AND `gd_user`.`deleted_at` IS NULL LIMIT 10

2023/09/24 20:46:45 E:/code/go/ginDome/model/entity/user.go:29
[0.567ms] [rows:1] SELECT * FROM `gd_user` WHERE `gd_user`.`user_id` = 2 AND `gd_user`.`deleted_at` IS NULL

2023/09/24 20:46:45 E:/code/go/ginDome/model/entity/user.go:64
[0.503ms] [rows:1] SELECT * FROM `gd_user` WHERE user_name like '%admin%' AND `gd_user`.`deleted_at` IS NULL ORDER BY user_name asc,nick_name desc,phone desc LIMIT 10

2023/09/24 22:51:48 E:/code/go/ginDome/model/entity/user.go:33 Error 1292 (22007): Incorrect datetime value: '0000-00-00' for column 'created_time' at row 1
[1.212ms] [rows:0] INSERT INTO `gd_user` (`user_id`,`user_name`,`password`,`nick_name`,`phone`,`avatar`,`sex`,`email`,`status`,`remark`,`modifier`,`created_time`,`modified_time`,`creater`,`modifier_name`,`creater_name`,`deleted_at`) VALUES (0,'john_doe','5ec9a12a3992ea33bf7dfe6077e5e1e2','John','12345678901','',1,'yaisdha@gmail.com',0,'ashdgjasdf',0,'0000-00-00 00:00:00','0000-00-00 00:00:00',0,'','',NULL)

2023/09/24 22:53:50 E:/code/go/ginDome/model/entity/user.go:33 Error 1292 (22007): Incorrect datetime value: '0000-00-00' for column 'created_time' at row 1
[1.026ms] [rows:0] INSERT INTO `gd_user` (`user_id`,`user_name`,`password`,`nick_name`,`phone`,`avatar`,`sex`,`email`,`status`,`remark`,`modifier`,`created_time`,`modified_time`,`creater`,`modifier_name`,`creater_name`,`deleted_at`) VALUES (0,'john_doe','5ec9a12a3992ea33bf7dfe6077e5e1e2','John','12345678901','',1,'yaisdha@gmail.com',0,'ashdgjasdf',0,'0000-00-00 00:00:00','0000-00-00 00:00:00',0,'','',NULL)

2023/09/24 22:56:23 E:/code/go/ginDome/model/entity/user.go:33 SLOW SQL >= 50ms
[117.523ms] [rows:1] INSERT INTO `gd_user` (`user_id`,`user_name`,`password`,`nick_name`,`phone`,`avatar`,`sex`,`email`,`status`,`remark`,`modifier`,`created_time`,`modified_time`,`creater`,`modifier_name`,`creater_name`,`deleted_at`) VALUES (0,'john_doe','5ec9a12a3992ea33bf7dfe6077e5e1e2','John','12345678901','',1,'yaisdha@gmail.com',0,'ashdgjasdf',0,'2023-09-24 22:56:23.226','2023-09-24 22:56:23.226',0,'','',NULL)

2023/09/24 23:03:00 E:/code/go/ginDome/model/entity/user.go:29
[0.528ms] [rows:1] SELECT * FROM `gd_user` WHERE `gd_user`.`user_name` = 'test' AND `gd_user`.`deleted_at` IS NULL

2023/09/24 23:03:44 E:/code/go/ginDome/model/entity/user.go:29
[0.516ms] [rows:1] SELECT * FROM `gd_user` WHERE `gd_user`.`user_id` = 1 AND `gd_user`.`deleted_at` IS NULL

2023/09/24 23:05:18 E:/code/go/ginDome/model/entity/user.go:29
[0.652ms] [rows:1] SELECT * FROM `gd_user` WHERE `gd_user`.`user_id` = 1 AND `gd_user`.`deleted_at` IS NULL

2023/09/24 23:05:29 E:/code/go/ginDome/model/entity/user.go:29
[0.517ms] [rows:1] SELECT * FROM `gd_user` WHERE `gd_user`.`user_id` = 2 AND `gd_user`.`deleted_at` IS NULL

2023/09/24 23:05:29 E:/code/go/ginDome/model/entity/user.go:64
[0.518ms] [rows:1] SELECT * FROM `gd_user` WHERE user_name like '%john_doe%' AND nick_name like '%John%' AND phone = '12345678901' AND `gd_user`.`deleted_at` IS NULL ORDER BY user_name asc,nick_name desc LIMIT 10

2023/09/24 23:07:37 E:/code/go/ginDome/model/entity/user.go:29
[0.601ms] [rows:1] SELECT * FROM `gd_user` WHERE `gd_user`.`user_id` = 1 AND `gd_user`.`deleted_at` IS NULL

2023/09/24 23:07:42 E:/code/go/ginDome/model/entity/user.go:29
[0.000ms] [rows:1] SELECT * FROM `gd_user` WHERE `gd_user`.`user_id` = 2 AND `gd_user`.`deleted_at` IS NULL

2023/09/24 23:07:42 E:/code/go/ginDome/model/entity/user.go:64
[0.658ms] [rows:1] SELECT * FROM `gd_user` WHERE user_name like '%john_doe%' AND nick_name like '%John%' AND phone = '12345678901' AND `gd_user`.`deleted_at` IS NULL ORDER BY user_name asc,nick_name desc LIMIT 10

2023/09/24 23:07:55 E:/code/go/ginDome/model/entity/user.go:29
[0.000ms] [rows:1] SELECT * FROM `gd_user` WHERE `gd_user`.`user_id` = 1 AND `gd_user`.`deleted_at` IS NULL

2023/09/24 23:07:55 E:/code/go/ginDome/model/entity/user.go:37 WHERE conditions required
[0.000ms] [rows:0] UPDATE `gd_user` SET `deleted_at`='2023-09-24 23:07:55.675' WHERE `gd_user`.`deleted_at` IS NULL

2023/09/24 23:08:57 E:/code/go/ginDome/model/entity/user.go:29
[0.685ms] [rows:1] SELECT * FROM `gd_user` WHERE `gd_user`.`user_id` = 1 AND `gd_user`.`deleted_at` IS NULL

2023/09/24 23:08:57 E:/code/go/ginDome/model/entity/user.go:37 WHERE conditions required
[0.000ms] [rows:0] UPDATE `gd_user` SET `deleted_at`='2023-09-24 23:08:57.152' WHERE `gd_user`.`deleted_at` IS NULL

2023/09/24 23:12:51 E:/code/go/ginDome/model/entity/user.go:29
[0.706ms] [rows:1] SELECT * FROM `gd_user` WHERE `gd_user`.`user_id` = 1 AND `gd_user`.`deleted_at` IS NULL

2023/09/24 23:12:51 E:/code/go/ginDome/model/entity/user.go:37 SLOW SQL >= 50ms
[59.520ms] [rows:1] UPDATE `gd_user` SET `deleted_at`='2023-09-24 23:12:51.617' WHERE user_id = 1 AND `gd_user`.`deleted_at` IS NULL

2023/09/24 23:13:23 E:/code/go/ginDome/model/entity/user.go:29
[0.000ms] [rows:1] SELECT * FROM `gd_user` WHERE `gd_user`.`deleted_at` IS NULL

2023/09/24 23:13:39 E:/code/go/ginDome/model/entity/user.go:29
[0.515ms] [rows:0] SELECT * FROM `gd_user` WHERE `gd_user`.`user_name` = 'test' AND `gd_user`.`deleted_at` IS NULL

2023/09/24 23:13:48 E:/code/go/ginDome/model/entity/user.go:29
[0.519ms] [rows:1] SELECT * FROM `gd_user` WHERE `gd_user`.`user_name` = 'admin' AND `gd_user`.`deleted_at` IS NULL

2023/09/24 23:14:06 E:/code/go/ginDome/model/entity/user.go:29
[0.588ms] [rows:1] SELECT * FROM `gd_user` WHERE `gd_user`.`user_id` = 2 AND `gd_user`.`deleted_at` IS NULL

2023/09/24 23:14:06 E:/code/go/ginDome/model/entity/user.go:64
[0.000ms] [rows:2] SELECT * FROM `gd_user` WHERE `gd_user`.`deleted_at` IS NULL LIMIT 10

2023/09/24 23:14:24 E:/code/go/ginDome/model/entity/user.go:29
[0.000ms] [rows:0] SELECT * FROM `gd_user` WHERE `gd_user`.`user_name` = 'test' AND `gd_user`.`deleted_at` IS NULL

2023/09/24 23:24:20 E:/code/go/ginDome/model/entity/user.go:29
[0.512ms] [rows:1] SELECT * FROM `gd_user` WHERE `gd_user`.`deleted_at` IS NULL

2023/09/24 23:28:05 E:/code/go/ginDome/model/entity/user.go:29
[0.660ms] [rows:0] SELECT * FROM `gd_user` WHERE `gd_user`.`user_name` = 'test' AND `gd_user`.`deleted_at` IS NULL

2023/09/24 23:28:23 E:/code/go/ginDome/model/entity/user.go:29
[0.518ms] [rows:1] SELECT * FROM `gd_user` WHERE `gd_user`.`user_name` = 'john_doe' AND `gd_user`.`deleted_at` IS NULL

2023/09/24 23:28:53 E:/code/go/ginDome/model/entity/user.go:29
[0.520ms] [rows:1] SELECT * FROM `gd_user` WHERE `gd_user`.`user_name` = 'john_doe' AND `gd_user`.`deleted_at` IS NULL

2023/09/24 23:29:38 E:/code/go/ginDome/model/entity/user.go:29
[0.577ms] [rows:1] SELECT * FROM `gd_user` WHERE `gd_user`.`user_id` = 3 AND `gd_user`.`deleted_at` IS NULL

2023/09/24 23:30:34 E:/code/go/ginDome/model/entity/user.go:29
[1.028ms] [rows:1] SELECT * FROM `gd_user` WHERE `gd_user`.`user_id` = 3 AND `gd_user`.`deleted_at` IS NULL

2023/09/24 23:31:44 E:/code/go/ginDome/model/entity/user.go:29
[1.030ms] [rows:1] SELECT * FROM `gd_user` WHERE `gd_user`.`user_id` = 3 AND `gd_user`.`deleted_at` IS NULL

2023/09/24 23:32:17 E:/code/go/ginDome/model/entity/user.go:29
[1.033ms] [rows:1] SELECT * FROM `gd_user` WHERE `gd_user`.`user_id` = 3 AND `gd_user`.`deleted_at` IS NULL

2023/09/24 23:33:25 E:/code/go/ginDome/model/entity/user.go:29
[1.031ms] [rows:1] SELECT * FROM `gd_user` WHERE `gd_user`.`user_id` = 3 AND `gd_user`.`deleted_at` IS NULL

2023/09/24 23:34:07 E:/code/go/ginDome/model/entity/user.go:29
[0.591ms] [rows:1] SELECT * FROM `gd_user` WHERE `gd_user`.`user_id` = 3 AND `gd_user`.`deleted_at` IS NULL

2023/09/24 23:34:31 E:/code/go/ginDome/model/entity/user.go:29
[0.706ms] [rows:1] SELECT * FROM `gd_user` WHERE `gd_user`.`user_id` = 3 AND `gd_user`.`deleted_at` IS NULL

2023/09/24 23:34:37 E:/code/go/ginDome/model/entity/user.go:29
[0.504ms] [rows:1] SELECT * FROM `gd_user` WHERE `gd_user`.`user_id` = 3 AND `gd_user`.`deleted_at` IS NULL

2023/09/24 23:34:51 E:/code/go/ginDome/model/entity/user.go:29
[0.520ms] [rows:1] SELECT * FROM `gd_user` WHERE `gd_user`.`user_id` = 3 AND `gd_user`.`deleted_at` IS NULL

2023/09/24 23:34:51 E:/code/go/ginDome/model/entity/user.go:41 WHERE conditions required
[0.517ms] [rows:0] UPDATE `gd_user` SET `user_id`=3,`user_name`='john_does',`password`='e10adc3949ba59abbe56e057f20f883e',`nick_name`='does',`phone`='17251560913',`avatar`='/file/img/sajdg.jpg',`sex`=2,`email`='12356456123@qq.com',`status`=0,`remark`='tq1a12',`modifier`=0,`created_time`='2023-09-24 22:56:23',`modified_time`='2023-09-24 22:56:23',`creater`=0,`modifier_name`='',`creater_name`='',`deleted_at`=NULL WHERE `gd_user`.`deleted_at` IS NULL

2023/09/24 23:35:43 E:/code/go/ginDome/model/entity/user.go:29
[0.675ms] [rows:1] SELECT * FROM `gd_user` WHERE `gd_user`.`user_id` = 3 AND `gd_user`.`deleted_at` IS NULL

2023/09/24 23:35:43 E:/code/go/ginDome/model/entity/user.go:41
[27.802ms] [rows:1] UPDATE `gd_user` SET `user_id`=3,`user_name`='john_does',`password`='e10adc3949ba59abbe56e057f20f883e',`nick_name`='does',`phone`='17251560913',`avatar`='/file/img/sajdg.jpg',`sex`=2,`email`='12356456123@qq.com',`status`=0,`remark`='tq1a12',`modifier`=0,`created_time`='2023-09-24 22:56:23',`modified_time`='2023-09-24 22:56:23',`creater`=0,`modifier_name`='',`creater_name`='',`deleted_at`=NULL WHERE user_id = 3 AND `gd_user`.`deleted_at` IS NULL

2023/09/24 23:37:35 E:/code/go/ginDome/model/entity/user.go:29
[0.512ms] [rows:1] SELECT * FROM `gd_user` WHERE `gd_user`.`user_id` = 3 AND `gd_user`.`deleted_at` IS NULL

2023/09/24 23:37:35 E:/code/go/ginDome/model/entity/user.go:41
[0.588ms] [rows:0] UPDATE `gd_user` SET `user_id`=3,`user_name`='john_does',`password`='e10adc3949ba59abbe56e057f20f883e',`nick_name`='does',`phone`='17251560913',`avatar`='/file/img/sajdg.jpg',`sex`=2,`email`='12356456123@qq.com',`status`=0,`remark`='tq1a12',`modifier`=0,`created_time`='2023-09-24 22:56:23',`modified_time`='2023-09-24 22:56:23',`creater`=0,`modifier_name`='',`creater_name`='',`deleted_at`=NULL WHERE user_id = 3 AND `gd_user`.`deleted_at` IS NULL

2023/09/24 23:37:35 E:/code/go/ginDome/model/entity/user.go:41
[0.513ms] [rows:0] INSERT INTO `gd_user` (`user_id`,`user_name`,`password`,`nick_name`,`phone`,`avatar`,`sex`,`email`,`status`,`remark`,`modifier`,`created_time`,`modified_time`,`creater`,`modifier_name`,`creater_name`,`deleted_at`) VALUES (3,'john_does','e10adc3949ba59abbe56e057f20f883e','does','17251560913','/file/img/sajdg.jpg',2,'12356456123@qq.com',0,'tq1a12',0,'2023-09-24 22:56:23','2023-09-24 22:56:23',0,'','',NULL) ON DUPLICATE KEY UPDATE `user_id`=VALUES(`user_id`),`user_name`=VALUES(`user_name`),`password`=VALUES(`password`),`nick_name`=VALUES(`nick_name`),`phone`=VALUES(`phone`),`avatar`=VALUES(`avatar`),`sex`=VALUES(`sex`),`email`=VALUES(`email`),`status`=VALUES(`status`),`remark`=VALUES(`remark`),`modifier`=VALUES(`modifier`),`created_time`=VALUES(`created_time`),`modified_time`=VALUES(`modified_time`),`creater`=VALUES(`creater`),`modifier_name`=VALUES(`modifier_name`),`creater_name`=VALUES(`creater_name`),`deleted_at`=VALUES(`deleted_at`)

2023/09/24 23:37:46 E:/code/go/ginDome/model/entity/user.go:29
[1.042ms] [rows:1] SELECT * FROM `gd_user` WHERE `gd_user`.`user_id` = 3 AND `gd_user`.`deleted_at` IS NULL

2023/09/24 23:37:46 E:/code/go/ginDome/model/entity/user.go:41 SLOW SQL >= 50ms
[56.777ms] [rows:1] UPDATE `gd_user` SET `user_id`=3,`user_name`='john_doe',`password`='e10adc3949ba59abbe56e057f20f883e',`nick_name`='does',`phone`='17251560913',`avatar`='/file/img/sajdg.jpg',`sex`=2,`email`='12356456123@qq.com',`status`=0,`remark`='tq1a12',`modifier`=0,`created_time`='2023-09-24 22:56:23',`modified_time`='2023-09-24 22:56:23',`creater`=0,`modifier_name`='',`creater_name`='',`deleted_at`=NULL WHERE user_id = 3 AND `gd_user`.`deleted_at` IS NULL

2023/09/24 23:37:57 E:/code/go/ginDome/model/entity/user.go:29
[0.980ms] [rows:1] SELECT * FROM `gd_user` WHERE `gd_user`.`user_id` = 3 AND `gd_user`.`deleted_at` IS NULL

2023/09/24 23:37:57 E:/code/go/ginDome/model/entity/user.go:41
[21.182ms] [rows:1] UPDATE `gd_user` SET `user_id`=3,`user_name`='john_doe',`password`='e10adc3949ba59abbe56e057f20f883e',`nick_name`='john',`phone`='17251560913',`avatar`='/file/img/sajdg.jpg',`sex`=2,`email`='12356456123@qq.com',`status`=0,`remark`='tq1a12',`modifier`=0,`created_time`='2023-09-24 22:56:23',`modified_time`='2023-09-24 22:56:23',`creater`=0,`modifier_name`='',`creater_name`='',`deleted_at`=NULL WHERE user_id = 3 AND `gd_user`.`deleted_at` IS NULL

2024/09/23 16:04:54 D:/codes/ginDemo/model/entity/user.go:29
[3.698ms] [rows:1] SELECT * FROM `gd_user` WHERE `gd_user`.`user_name` = 'admin' AND `gd_user`.`status` = 1 AND `gd_user`.`deleted_at` IS NULL

2024/09/23 16:06:18 D:/codes/ginDemo/model/entity/user.go:29
[0.946ms] [rows:1] SELECT * FROM `gd_user` WHERE `gd_user`.`user_name` = 'admin' AND `gd_user`.`status` = 1 AND `gd_user`.`deleted_at` IS NULL

2024/09/23 16:07:31 D:/codes/ginDemo/model/entity/user.go:29
[0.994ms] [rows:1] SELECT * FROM `gd_user` WHERE `gd_user`.`user_id` = 2 AND `gd_user`.`status` = 1 AND `gd_user`.`deleted_at` IS NULL

2024/09/23 16:07:45 D:/codes/ginDemo/model/entity/user.go:29
[0.994ms] [rows:1] SELECT * FROM `gd_user` WHERE `gd_user`.`user_id` = 2 AND `gd_user`.`status` = 1 AND `gd_user`.`deleted_at` IS NULL

2024/09/23 16:22:39 D:/codes/ginDemo/model/entity/user.go:29
[0.498ms] [rows:1] SELECT * FROM `gd_user` WHERE `gd_user`.`user_id` = 2 AND `gd_user`.`status` = 1 AND `gd_user`.`deleted_at` IS NULL

2024/09/23 16:23:08 D:/codes/ginDemo/model/entity/user.go:29
[0.993ms] [rows:1] SELECT * FROM `gd_user` WHERE `gd_user`.`user_id` = 2 AND `gd_user`.`status` = 1 AND `gd_user`.`deleted_at` IS NULL

2024/09/23 16:23:21 D:/codes/ginDemo/model/entity/user.go:29
[0.732ms] [rows:1] SELECT * FROM `gd_user` WHERE `gd_user`.`user_id` = 2 AND `gd_user`.`status` = 1 AND `gd_user`.`deleted_at` IS NULL

2024/09/23 16:23:21 D:/codes/ginDemo/model/entity/user.go:67
[0.697ms] [rows:2] SELECT * FROM `gd_user` WHERE `gd_user`.`deleted_at` IS NULL LIMIT 10

2024/09/23 16:24:05 D:/codes/ginDemo/model/entity/user.go:29
[0.450ms] [rows:1] SELECT * FROM `gd_user` WHERE `gd_user`.`user_id` = 2 AND `gd_user`.`status` = 1 AND `gd_user`.`deleted_at` IS NULL

2024/09/23 16:24:05 D:/codes/ginDemo/model/entity/user.go:67
[0.000ms] [rows:0] SELECT * FROM `gd_user` WHERE `gd_user`.`deleted_at` IS NULL LIMIT 20 OFFSET 10

2024/09/23 16:24:14 D:/codes/ginDemo/model/entity/user.go:29
[0.801ms] [rows:1] SELECT * FROM `gd_user` WHERE `gd_user`.`user_id` = 2 AND `gd_user`.`status` = 1 AND `gd_user`.`deleted_at` IS NULL

2024/09/23 16:24:14 D:/codes/ginDemo/model/entity/user.go:67
[0.497ms] [rows:1] SELECT * FROM `gd_user` WHERE `gd_user`.`deleted_at` IS NULL LIMIT 1

2024/09/23 16:40:16 D:/codes/ginDemo/model/entity/user.go:29
[0.993ms] [rows:1] SELECT * FROM `gd_user` WHERE `gd_user`.`user_id` = 2 AND `gd_user`.`status` = 1 AND `gd_user`.`deleted_at` IS NULL

2024/09/23 16:40:16 D:/codes/ginDemo/model/entity/user.go:70
[0.000ms] [rows:1] SELECT * FROM `gd_user` WHERE `gd_user`.`deleted_at` IS NULL LIMIT 1

2024/09/23 16:40:16 D:/codes/ginDemo/model/entity/user.go:75
[0.686ms] [rows:1] SELECT count(*) FROM `gd_user` WHERE `gd_user`.`deleted_at` IS NULL LIMIT 1

2024/09/23 16:40:22 D:/codes/ginDemo/model/entity/user.go:29
[0.994ms] [rows:1] SELECT * FROM `gd_user` WHERE `gd_user`.`user_id` = 2 AND `gd_user`.`status` = 1 AND `gd_user`.`deleted_at` IS NULL

2024/09/23 16:40:22 D:/codes/ginDemo/model/entity/user.go:70
[0.506ms] [rows:2] SELECT * FROM `gd_user` WHERE `gd_user`.`deleted_at` IS NULL LIMIT 10

2024/09/23 16:40:22 D:/codes/ginDemo/model/entity/user.go:75
[0.489ms] [rows:1] SELECT count(*) FROM `gd_user` WHERE `gd_user`.`deleted_at` IS NULL LIMIT 10

2024/09/23 16:41:42 D:/codes/ginDemo/model/entity/user.go:29
[0.993ms] [rows:1] SELECT * FROM `gd_user` WHERE `gd_user`.`user_id` = 2 AND `gd_user`.`status` = 1 AND `gd_user`.`deleted_at` IS NULL

2024/09/23 16:41:42 D:/codes/ginDemo/model/entity/user.go:70
[0.590ms] [rows:2] SELECT * FROM `gd_user` WHERE `gd_user`.`deleted_at` IS NULL LIMIT 10

2024/09/23 16:41:42 D:/codes/ginDemo/model/entity/user.go:75
[0.000ms] [rows:1] SELECT count(*) FROM `gd_user` WHERE `gd_user`.`deleted_at` IS NULL LIMIT 10

2024/09/23 16:41:53 D:/codes/ginDemo/model/entity/user.go:29
[0.994ms] [rows:1] SELECT * FROM `gd_user` WHERE `gd_user`.`user_id` = 2 AND `gd_user`.`status` = 1 AND `gd_user`.`deleted_at` IS NULL

2024/09/23 16:41:53 D:/codes/ginDemo/model/entity/user.go:70
[0.000ms] [rows:0] SELECT * FROM `gd_user` WHERE `gd_user`.`deleted_at` IS NULL LIMIT 20 OFFSET 10

2024/09/23 16:41:53 D:/codes/ginDemo/model/entity/user.go:75
[0.497ms] [rows:0] SELECT count(*) FROM `gd_user` WHERE `gd_user`.`deleted_at` IS NULL LIMIT 20 OFFSET 10

2024/09/23 16:42:18 D:/codes/ginDemo/model/entity/user.go:29
[0.993ms] [rows:1] SELECT * FROM `gd_user` WHERE `gd_user`.`user_id` = 2 AND `gd_user`.`status` = 1 AND `gd_user`.`deleted_at` IS NULL

2024/09/23 16:42:18 D:/codes/ginDemo/model/entity/user.go:70
[1.136ms] [rows:0] SELECT * FROM `gd_user` WHERE `gd_user`.`deleted_at` IS NULL LIMIT 20 OFFSET 10

2024/09/23 16:42:22 D:/codes/ginDemo/model/entity/user.go:29
[0.770ms] [rows:1] SELECT * FROM `gd_user` WHERE `gd_user`.`user_id` = 2 AND `gd_user`.`status` = 1 AND `gd_user`.`deleted_at` IS NULL

2024/09/23 16:42:22 D:/codes/ginDemo/model/entity/user.go:70
[0.498ms] [rows:0] SELECT * FROM `gd_user` WHERE `gd_user`.`deleted_at` IS NULL LIMIT 20 OFFSET 10

2024/09/23 16:42:25 D:/codes/ginDemo/model/entity/user.go:29
[1.038ms] [rows:1] SELECT * FROM `gd_user` WHERE `gd_user`.`user_id` = 2 AND `gd_user`.`status` = 1 AND `gd_user`.`deleted_at` IS NULL

2024/09/23 16:42:25 D:/codes/ginDemo/model/entity/user.go:70
[0.383ms] [rows:2] SELECT * FROM `gd_user` WHERE `gd_user`.`deleted_at` IS NULL LIMIT 10

2024/09/23 16:43:58 D:/codes/ginDemo/model/entity/user.go:29
[1.490ms] [rows:1] SELECT * FROM `gd_user` WHERE `gd_user`.`user_id` = 2 AND `gd_user`.`status` = 1 AND `gd_user`.`deleted_at` IS NULL

2024/09/23 16:43:58 D:/codes/ginDemo/model/entity/user.go:70
[0.000ms] [rows:2] SELECT * FROM `gd_user` WHERE `gd_user`.`deleted_at` IS NULL LIMIT 10

2024/09/23 16:44:08 D:/codes/ginDemo/model/entity/user.go:29
[1.089ms] [rows:1] SELECT * FROM `gd_user` WHERE `gd_user`.`user_id` = 2 AND `gd_user`.`status` = 1 AND `gd_user`.`deleted_at` IS NULL

2024/09/23 16:44:08 D:/codes/ginDemo/model/entity/user.go:70
[0.788ms] [rows:2] SELECT * FROM `gd_user` WHERE `gd_user`.`deleted_at` IS NULL LIMIT 102

2024/09/23 16:44:11 D:/codes/ginDemo/model/entity/user.go:29
[1.033ms] [rows:1] SELECT * FROM `gd_user` WHERE `gd_user`.`user_id` = 2 AND `gd_user`.`status` = 1 AND `gd_user`.`deleted_at` IS NULL

2024/09/23 16:44:11 D:/codes/ginDemo/model/entity/user.go:70
[0.517ms] [rows:1] SELECT * FROM `gd_user` WHERE `gd_user`.`deleted_at` IS NULL LIMIT 1

2024/09/23 16:44:51 D:/codes/ginDemo/model/entity/user.go:29
[0.993ms] [rows:1] SELECT * FROM `gd_user` WHERE `gd_user`.`user_id` = 2 AND `gd_user`.`status` = 1 AND `gd_user`.`deleted_at` IS NULL

2024/09/23 16:44:51 D:/codes/ginDemo/model/entity/user.go:70
[0.497ms] [rows:1] SELECT * FROM `gd_user` WHERE `gd_user`.`deleted_at` IS NULL LIMIT 1

2024/09/23 16:48:19 D:/codes/ginDemo/model/entity/user.go:29
[0.993ms] [rows:1] SELECT * FROM `gd_user` WHERE `gd_user`.`user_id` = 2 AND `gd_user`.`status` = 1 AND `gd_user`.`deleted_at` IS NULL

2024/09/23 16:48:19 D:/codes/ginDemo/model/entity/user.go:70
[0.000ms] [rows:1] SELECT * FROM `gd_user` WHERE `gd_user`.`deleted_at` IS NULL LIMIT 1

2024/09/23 16:49:49 D:/codes/ginDemo/model/entity/user.go:29
[1.234ms] [rows:1] SELECT * FROM `gd_user` WHERE `gd_user`.`user_id` = 2 AND `gd_user`.`status` = 1 AND `gd_user`.`deleted_at` IS NULL

2024/09/23 16:49:49 D:/codes/ginDemo/model/entity/user.go:70
[0.500ms] [rows:1] SELECT * FROM `gd_user` WHERE `gd_user`.`deleted_at` IS NULL LIMIT 1

2024/09/23 16:54:12 D:/codes/ginDemo/model/entity/user.go:29
[1.490ms] [rows:1] SELECT * FROM `gd_user` WHERE `gd_user`.`user_id` = 2 AND `gd_user`.`status` = 1 AND `gd_user`.`deleted_at` IS NULL

2024/09/23 16:54:12 D:/codes/ginDemo/model/entity/user.go:70
[0.497ms] [rows:1] SELECT * FROM `gd_user` WHERE `gd_user`.`deleted_at` IS NULL LIMIT 1

2024/09/23 16:54:45 D:/codes/ginDemo/model/entity/user.go:29
[0.993ms] [rows:1] SELECT * FROM `gd_user` WHERE `gd_user`.`user_id` = 2 AND `gd_user`.`status` = 1 AND `gd_user`.`deleted_at` IS NULL

2024/09/23 16:54:45 D:/codes/ginDemo/model/entity/user.go:71
[0.497ms] [rows:1] SELECT * FROM `gd_user` WHERE `gd_user`.`deleted_at` IS NULL LIMIT 1

2024/09/23 16:54:45 D:/codes/ginDemo/model/entity/user.go:75
[0.497ms] [rows:1] SELECT count(*) FROM `gd_user` WHERE `gd_user`.`deleted_at` IS NULL LIMIT 1

2024/09/23 16:55:13 D:/codes/ginDemo/model/entity/user.go:29
[0.994ms] [rows:1] SELECT * FROM `gd_user` WHERE `gd_user`.`user_id` = 2 AND `gd_user`.`status` = 1 AND `gd_user`.`deleted_at` IS NULL

2024/09/23 16:55:13 D:/codes/ginDemo/model/entity/user.go:71
[0.497ms] [rows:1] SELECT * FROM `gd_user` WHERE `gd_user`.`deleted_at` IS NULL LIMIT 2 OFFSET 1

2024/09/23 16:55:13 D:/codes/ginDemo/model/entity/user.go:75
[0.000ms] [rows:0] SELECT count(*) FROM `gd_user` WHERE `gd_user`.`deleted_at` IS NULL LIMIT 2 OFFSET 1

2024/09/23 17:02:32 D:/codes/ginDemo/model/entity/user.go:29
[0.551ms] [rows:1] SELECT * FROM `gd_user` WHERE `gd_user`.`user_id` = 2 AND `gd_user`.`status` = 1 AND `gd_user`.`deleted_at` IS NULL

2024/09/23 17:02:32 D:/codes/ginDemo/model/entity/user.go:70
[0.849ms] [rows:1] SELECT * FROM `gd_user` WHERE `gd_user`.`deleted_at` IS NULL LIMIT 2 OFFSET 1

2024/09/23 17:04:26 D:/codes/ginDemo/model/entity/user.go:29
[0.994ms] [rows:1] SELECT * FROM `gd_user` WHERE `gd_user`.`user_id` = 2 AND `gd_user`.`status` = 1 AND `gd_user`.`deleted_at` IS NULL

2024/09/23 17:04:26 D:/codes/ginDemo/model/entity/user.go:70
[0.665ms] [rows:1] SELECT * FROM `gd_user` WHERE `gd_user`.`deleted_at` IS NULL LIMIT 2 OFFSET 1

2024/09/23 17:05:28 D:/codes/ginDemo/model/entity/user.go:29
[0.993ms] [rows:1] SELECT * FROM `gd_user` WHERE `gd_user`.`user_id` = 2 AND `gd_user`.`status` = 1 AND `gd_user`.`deleted_at` IS NULL

2024/09/23 17:05:28 D:/codes/ginDemo/model/entity/user.go:71
[0.497ms] [rows:1] SELECT * FROM `gd_user` WHERE `gd_user`.`deleted_at` IS NULL LIMIT 2 OFFSET 1

2024/09/23 17:07:01 D:/codes/ginDemo/model/entity/user.go:29
[0.994ms] [rows:1] SELECT * FROM `gd_user` WHERE `gd_user`.`user_id` = 2 AND `gd_user`.`status` = 1 AND `gd_user`.`deleted_at` IS NULL

2024/09/23 17:07:01 D:/codes/ginDemo/model/entity/user.go:71
[0.660ms] [rows:1] SELECT * FROM `gd_user` WHERE `gd_user`.`deleted_at` IS NULL LIMIT 2 OFFSET 1

2024/09/23 17:07:46 D:/codes/ginDemo/model/entity/user.go:29
[1.491ms] [rows:1] SELECT * FROM `gd_user` WHERE `gd_user`.`user_id` = 2 AND `gd_user`.`status` = 1 AND `gd_user`.`deleted_at` IS NULL

2024/09/23 17:07:46 D:/codes/ginDemo/model/entity/user.go:70
[0.000ms] [rows:1] SELECT * FROM `gd_user` WHERE `gd_user`.`deleted_at` IS NULL LIMIT 2 OFFSET 1

2024/09/23 17:07:50 D:/codes/ginDemo/model/entity/user.go:29
[1.143ms] [rows:1] SELECT * FROM `gd_user` WHERE `gd_user`.`user_id` = 2 AND `gd_user`.`status` = 1 AND `gd_user`.`deleted_at` IS NULL

2024/09/23 17:07:50 D:/codes/ginDemo/model/entity/user.go:70
[0.345ms] [rows:1] SELECT * FROM `gd_user` WHERE `gd_user`.`deleted_at` IS NULL LIMIT 1

2024/09/23 17:09:57 D:/codes/ginDemo/model/entity/user.go:29
[0.998ms] [rows:1] SELECT * FROM `gd_user` WHERE `gd_user`.`user_id` = 2 AND `gd_user`.`status` = 1 AND `gd_user`.`deleted_at` IS NULL

2024/09/23 17:09:57 D:/codes/ginDemo/model/entity/user.go:77
[0.496ms] [rows:1] SELECT * FROM `gd_user` WHERE `gd_user`.`deleted_at` IS NULL LIMIT 1

2024/09/23 17:12:40 D:/codes/ginDemo/model/entity/user.go:30
[1.155ms] [rows:1] SELECT * FROM `gd_user` WHERE `gd_user`.`user_id` = 2 AND `gd_user`.`status` = 1 AND `gd_user`.`deleted_at` IS NULL

2024/09/23 17:12:40 D:/codes/ginDemo/model/entity/user.go:78
[0.498ms] [rows:1] SELECT * FROM `gd_user` WHERE `gd_user`.`deleted_at` IS NULL LIMIT 1

2024/09/23 17:13:55 D:/codes/ginDemo/model/entity/user.go:30
[1.119ms] [rows:1] SELECT * FROM `gd_user` WHERE `gd_user`.`user_id` = 2 AND `gd_user`.`status` = 1 AND `gd_user`.`deleted_at` IS NULL

2024/09/23 17:13:55 D:/codes/ginDemo/model/entity/user.go:78
[0.497ms] [rows:1] SELECT * FROM `gd_user` WHERE `gd_user`.`deleted_at` IS NULL LIMIT 1

2024/09/23 17:14:52 D:/codes/ginDemo/model/entity/user.go:30
[1.161ms] [rows:1] SELECT * FROM `gd_user` WHERE `gd_user`.`user_id` = 2 AND `gd_user`.`status` = 1 AND `gd_user`.`deleted_at` IS NULL

2024/09/23 17:14:52 D:/codes/ginDemo/model/entity/user.go:80
[0.497ms] [rows:1] SELECT * FROM `gd_user` WHERE `gd_user`.`deleted_at` IS NULL LIMIT 1

2024/09/23 17:31:16 D:/codes/ginDemo/model/entity/user.go:29
[1.033ms] [rows:1] SELECT * FROM `gd_user` WHERE `gd_user`.`user_id` = 2 AND `gd_user`.`status` = 1 AND `gd_user`.`deleted_at` IS NULL

2024/09/23 17:31:16 D:/codes/ginDemo/model/entity/user.go:70
[0.000ms] [rows:1] SELECT * FROM `gd_user` WHERE `gd_user`.`deleted_at` IS NULL LIMIT 1

2024/09/23 17:31:19 D:/codes/ginDemo/model/entity/user.go:29
[0.993ms] [rows:1] SELECT * FROM `gd_user` WHERE `gd_user`.`user_id` = 2 AND `gd_user`.`status` = 1 AND `gd_user`.`deleted_at` IS NULL

2024/09/23 17:31:19 D:/codes/ginDemo/model/entity/user.go:70
[0.502ms] [rows:1] SELECT * FROM `gd_user` WHERE `gd_user`.`deleted_at` IS NULL LIMIT 1

2024/09/23 17:34:08 D:/codes/ginDemo/model/entity/user.go:29
[0.591ms] [rows:1] SELECT * FROM `gd_user` WHERE `gd_user`.`user_id` = 2 AND `gd_user`.`status` = 1 AND `gd_user`.`deleted_at` IS NULL

2024/09/23 17:34:40 D:/codes/ginDemo/model/entity/user.go:29
[1.005ms] [rows:1] SELECT * FROM `gd_user` WHERE `gd_user`.`user_id` = 2 AND `gd_user`.`status` = 1 AND `gd_user`.`deleted_at` IS NULL

2024/09/23 17:35:37 D:/codes/ginDemo/model/entity/user.go:29
[0.497ms] [rows:1] SELECT * FROM `gd_user` WHERE `gd_user`.`user_id` = 2 AND `gd_user`.`status` = 1 AND `gd_user`.`deleted_at` IS NULL

2024/09/23 17:36:36 D:/codes/ginDemo/model/entity/user.go:29
[0.998ms] [rows:1] SELECT * FROM `gd_user` WHERE `gd_user`.`user_id` = 2 AND `gd_user`.`status` = 1 AND `gd_user`.`deleted_at` IS NULL

2024/09/23 17:36:36 D:/codes/ginDemo/model/entity/user.go:69
[0.994ms] [rows:1] SELECT count(*) FROM `gd_user`

2024/09/23 17:36:36 D:/codes/ginDemo/model/entity/user.go:74
[0.000ms] [rows:1] SELECT * FROM `gd_user` WHERE `gd_user`.`deleted_at` IS NULL LIMIT 1

2024/09/23 17:36:51 D:/codes/ginDemo/model/entity/user.go:29
[0.871ms] [rows:1] SELECT * FROM `gd_user` WHERE `gd_user`.`user_id` = 2 AND `gd_user`.`status` = 1 AND `gd_user`.`deleted_at` IS NULL

2024/09/23 17:36:51 D:/codes/ginDemo/model/entity/user.go:69
[0.995ms] [rows:1] SELECT count(*) FROM `gd_user`

2024/09/23 17:36:51 D:/codes/ginDemo/model/entity/user.go:74
[0.000ms] [rows:2] SELECT * FROM `gd_user` WHERE `gd_user`.`deleted_at` IS NULL LIMIT 10

2024/09/23 18:16:43 D:/codes/ginDemo/model/entity/user.go:29
[0.996ms] [rows:1] SELECT * FROM `gd_user` WHERE `gd_user`.`user_id` = 2 AND `gd_user`.`status` = 1 AND `gd_user`.`deleted_at` IS NULL

2024/09/23 18:16:43 D:/codes/ginDemo/model/entity/user.go:71
[0.490ms] [rows:2] SELECT * FROM `gd_user` WHERE `gd_user`.`deleted_at` IS NULL LIMIT 10

2024/09/23 18:16:43 D:/codes/ginDemo/model/entity/user.go:75
[0.000ms] [rows:1] SELECT count(*) FROM `gd_user` WHERE `gd_user`.`deleted_at` IS NULL LIMIT 10

2024/09/23 18:16:49 D:/codes/ginDemo/model/entity/user.go:29
[1.165ms] [rows:1] SELECT * FROM `gd_user` WHERE `gd_user`.`user_id` = 2 AND `gd_user`.`status` = 1 AND `gd_user`.`deleted_at` IS NULL

2024/09/23 18:16:49 D:/codes/ginDemo/model/entity/user.go:71
[0.330ms] [rows:0] SELECT * FROM `gd_user` WHERE `gd_user`.`deleted_at` IS NULL LIMIT 20 OFFSET 10

2024/09/23 18:16:49 D:/codes/ginDemo/model/entity/user.go:75
[0.697ms] [rows:0] SELECT count(*) FROM `gd_user` WHERE `gd_user`.`deleted_at` IS NULL LIMIT 20 OFFSET 10

2024/09/23 18:17:38 D:/codes/ginDemo/model/entity/user.go:29
[1.179ms] [rows:1] SELECT * FROM `gd_user` WHERE `gd_user`.`user_id` = 2 AND `gd_user`.`status` = 1 AND `gd_user`.`deleted_at` IS NULL

2024/09/23 18:17:38 D:/codes/ginDemo/model/entity/user.go:69
[1.006ms] [rows:1] SELECT count(*) FROM `gd_user`

2024/09/23 18:17:38 D:/codes/ginDemo/model/entity/user.go:74
[0.000ms] [rows:0] SELECT * FROM `gd_user` WHERE `gd_user`.`deleted_at` IS NULL LIMIT 20 OFFSET 10

2024/09/23 18:17:40 D:/codes/ginDemo/model/entity/user.go:29
[0.993ms] [rows:1] SELECT * FROM `gd_user` WHERE `gd_user`.`user_id` = 2 AND `gd_user`.`status` = 1 AND `gd_user`.`deleted_at` IS NULL

2024/09/23 18:17:40 D:/codes/ginDemo/model/entity/user.go:69
[0.496ms] [rows:1] SELECT count(*) FROM `gd_user`

2024/09/23 18:17:40 D:/codes/ginDemo/model/entity/user.go:74
[0.498ms] [rows:0] SELECT * FROM `gd_user` WHERE `gd_user`.`deleted_at` IS NULL LIMIT 20 OFFSET 10

2024/09/23 18:19:04 D:/codes/ginDemo/model/entity/user.go:29
[0.995ms] [rows:1] SELECT * FROM `gd_user` WHERE `gd_user`.`user_id` = 2 AND `gd_user`.`status` = 1 AND `gd_user`.`deleted_at` IS NULL

2024/09/23 18:19:41 D:/codes/ginDemo/model/entity/user.go:29
[0.994ms] [rows:1] SELECT * FROM `gd_user` WHERE `gd_user`.`user_id` = 2 AND `gd_user`.`status` = 1 AND `gd_user`.`deleted_at` IS NULL

2024/09/23 18:20:13 D:/codes/ginDemo/model/entity/user.go:29
[0.792ms] [rows:1] SELECT * FROM `gd_user` WHERE `gd_user`.`user_id` = 2 AND `gd_user`.`status` = 1 AND `gd_user`.`deleted_at` IS NULL

2024/09/23 18:20:13 D:/codes/ginDemo/model/entity/user.go:75
[0.500ms] [rows:0] SELECT * FROM `gd_user` WHERE `gd_user`.`deleted_at` IS NULL LIMIT 20 OFFSET 10

2024/09/23 18:20:18 D:/codes/ginDemo/model/entity/user.go:29
[0.496ms] [rows:1] SELECT * FROM `gd_user` WHERE `gd_user`.`user_id` = 2 AND `gd_user`.`status` = 1 AND `gd_user`.`deleted_at` IS NULL

2024/09/23 18:20:18 D:/codes/ginDemo/model/entity/user.go:75
[0.000ms] [rows:2] SELECT * FROM `gd_user` WHERE `gd_user`.`deleted_at` IS NULL LIMIT 10

2024/09/23 18:21:59 D:/codes/ginDemo/model/entity/user.go:29
[0.522ms] [rows:1] SELECT * FROM `gd_user` WHERE `gd_user`.`user_id` = 2 AND `gd_user`.`status` = 1 AND `gd_user`.`deleted_at` IS NULL

2024/09/23 18:21:59 D:/codes/ginDemo/model/entity/user.go:69
[0.679ms] [rows:1] SELECT count(*) FROM `gd_user` WHERE deleted_at is null

2024/09/23 18:21:59 D:/codes/ginDemo/model/entity/user.go:74
[0.000ms] [rows:2] SELECT * FROM `gd_user` WHERE `gd_user`.`deleted_at` IS NULL LIMIT 10

2024/09/23 18:22:04 D:/codes/ginDemo/model/entity/user.go:29
[0.497ms] [rows:1] SELECT * FROM `gd_user` WHERE `gd_user`.`user_id` = 2 AND `gd_user`.`status` = 1 AND `gd_user`.`deleted_at` IS NULL

2024/09/23 18:22:04 D:/codes/ginDemo/model/entity/user.go:69
[0.000ms] [rows:1] SELECT count(*) FROM `gd_user` WHERE deleted_at is null

2024/09/23 18:22:04 D:/codes/ginDemo/model/entity/user.go:74
[0.000ms] [rows:0] SELECT * FROM `gd_user` WHERE `gd_user`.`deleted_at` IS NULL LIMIT 20 OFFSET 10

2024/09/23 18:22:09 D:/codes/ginDemo/model/entity/user.go:29
[1.008ms] [rows:1] SELECT * FROM `gd_user` WHERE `gd_user`.`user_id` = 2 AND `gd_user`.`status` = 1 AND `gd_user`.`deleted_at` IS NULL

2024/09/23 18:22:09 D:/codes/ginDemo/model/entity/user.go:69
[0.483ms] [rows:1] SELECT count(*) FROM `gd_user` WHERE deleted_at is null

2024/09/23 18:22:09 D:/codes/ginDemo/model/entity/user.go:74
[0.000ms] [rows:2] SELECT * FROM `gd_user` WHERE `gd_user`.`deleted_at` IS NULL LIMIT 10

2024/09/23 18:24:43 D:/codes/ginDemo/model/entity/user.go:29
[0.485ms] [rows:1] SELECT * FROM `gd_user` WHERE `gd_user`.`user_id` = 2 AND `gd_user`.`status` = 1 AND `gd_user`.`deleted_at` IS NULL

2024/09/23 18:25:40 D:/codes/ginDemo/model/entity/user.go:29
[1.059ms] [rows:1] SELECT * FROM `gd_user` WHERE `gd_user`.`user_id` = 2 AND `gd_user`.`status` = 1 AND `gd_user`.`deleted_at` IS NULL

2024/09/23 18:25:40 D:/codes/ginDemo/model/entity/user.go:69
[0.358ms] [rows:1] SELECT count(*) FROM `gd_user` WHERE deleted_at is null

2024/09/23 18:25:40 D:/codes/ginDemo/model/entity/user.go:74
[0.000ms] [rows:2] SELECT * FROM `gd_user` WHERE `gd_user`.`deleted_at` IS NULL LIMIT 10

2024/09/23 18:26:10 D:/codes/ginDemo/model/entity/user.go:29
[0.729ms] [rows:1] SELECT * FROM `gd_user` WHERE `gd_user`.`user_id` = 2 AND `gd_user`.`status` = 1 AND `gd_user`.`deleted_at` IS NULL

2024/09/23 18:26:10 D:/codes/ginDemo/model/entity/user.go:69
[0.497ms] [rows:1] SELECT count(*) FROM `gd_user` WHERE deleted_at is null

2024/09/23 18:26:10 D:/codes/ginDemo/model/entity/user.go:74
[0.000ms] [rows:2] SELECT * FROM `gd_user` WHERE `gd_user`.`deleted_at` IS NULL LIMIT 10

2024/09/23 18:27:19 D:/codes/ginDemo/model/entity/user.go:29
[0.986ms] [rows:1] SELECT * FROM `gd_user` WHERE `gd_user`.`user_id` = 2 AND `gd_user`.`status` = 1 AND `gd_user`.`deleted_at` IS NULL

2024/09/23 18:27:19 D:/codes/ginDemo/model/entity/user.go:73
[0.500ms] [rows:1] SELECT count(*) FROM `gd_user` WHERE deleted_at is null

2024/09/23 18:27:19 D:/codes/ginDemo/model/entity/user.go:78 Error 1054 (42S22): Unknown column 'id' in 'order clause'
[0.497ms] [rows:1] SELECT * FROM `gd_user` WHERE deleted_at is null AND `gd_user`.`deleted_at` IS NULL ORDER BY id asc LIMIT 10

2024/09/23 18:27:23 D:/codes/ginDemo/model/entity/user.go:29
[0.993ms] [rows:1] SELECT * FROM `gd_user` WHERE `gd_user`.`user_id` = 2 AND `gd_user`.`status` = 1 AND `gd_user`.`deleted_at` IS NULL

2024/09/23 18:27:23 D:/codes/ginDemo/model/entity/user.go:73
[0.000ms] [rows:1] SELECT count(*) FROM `gd_user` WHERE deleted_at is null

2024/09/23 18:27:23 D:/codes/ginDemo/model/entity/user.go:78 Error 1054 (42S22): Unknown column 'id' in 'order clause'
[0.497ms] [rows:1] SELECT * FROM `gd_user` WHERE deleted_at is null AND `gd_user`.`deleted_at` IS NULL ORDER BY id asc LIMIT 10

2024/09/23 18:33:07 D:/codes/ginDemo/model/entity/user.go:29
[0.496ms] [rows:1] SELECT * FROM `gd_user` WHERE `gd_user`.`user_id` = 2 AND `gd_user`.`status` = 1 AND `gd_user`.`deleted_at` IS NULL

2024/09/23 18:33:07 D:/codes/ginDemo/model/entity/user.go:73
[0.714ms] [rows:1] SELECT count(*) FROM `gd_user` WHERE deleted_at is null

2024/09/23 18:33:07 D:/codes/ginDemo/model/entity/user.go:78
[0.280ms] [rows:2] SELECT * FROM `gd_user` WHERE deleted_at is null AND `gd_user`.`deleted_at` IS NULL ORDER BY user_id asc LIMIT 10

2024/09/23 18:33:14 D:/codes/ginDemo/model/entity/user.go:29
[0.492ms] [rows:1] SELECT * FROM `gd_user` WHERE `gd_user`.`user_id` = 2 AND `gd_user`.`status` = 1 AND `gd_user`.`deleted_at` IS NULL

2024/09/23 18:33:14 D:/codes/ginDemo/model/entity/user.go:73
[0.000ms] [rows:1] SELECT count(*) FROM `gd_user` WHERE deleted_at is null

2024/09/23 18:33:14 D:/codes/ginDemo/model/entity/user.go:78
[0.496ms] [rows:2] SELECT * FROM `gd_user` WHERE deleted_at is null AND `gd_user`.`deleted_at` IS NULL ORDER BY user_id desc LIMIT 10

2024/09/23 18:33:22 D:/codes/ginDemo/model/entity/user.go:29
[0.497ms] [rows:1] SELECT * FROM `gd_user` WHERE `gd_user`.`user_id` = 2 AND `gd_user`.`status` = 1 AND `gd_user`.`deleted_at` IS NULL

2024/09/23 18:33:22 D:/codes/ginDemo/model/entity/user.go:73
[0.000ms] [rows:1] SELECT count(*) FROM `gd_user` WHERE deleted_at is null

2024/09/23 18:33:22 D:/codes/ginDemo/model/entity/user.go:78
[0.498ms] [rows:2] SELECT * FROM `gd_user` WHERE deleted_at is null AND `gd_user`.`deleted_at` IS NULL ORDER BY user_name desc LIMIT 10

2024/09/23 18:33:30 D:/codes/ginDemo/model/entity/user.go:29
[0.729ms] [rows:1] SELECT * FROM `gd_user` WHERE `gd_user`.`user_id` = 2 AND `gd_user`.`status` = 1 AND `gd_user`.`deleted_at` IS NULL

2024/09/23 18:33:30 D:/codes/ginDemo/model/entity/user.go:73
[0.617ms] [rows:1] SELECT count(*) FROM `gd_user` WHERE deleted_at is null

2024/09/23 18:33:30 D:/codes/ginDemo/model/entity/user.go:78
[0.000ms] [rows:2] SELECT * FROM `gd_user` WHERE deleted_at is null AND `gd_user`.`deleted_at` IS NULL ORDER BY user_name asc LIMIT 10

2024/09/23 18:33:44 D:/codes/ginDemo/model/entity/user.go:29
[0.834ms] [rows:1] SELECT * FROM `gd_user` WHERE `gd_user`.`user_id` = 2 AND `gd_user`.`status` = 1 AND `gd_user`.`deleted_at` IS NULL

2024/09/23 18:33:44 D:/codes/ginDemo/model/entity/user.go:73
[0.496ms] [rows:1] SELECT count(*) FROM `gd_user` WHERE deleted_at is null

2024/09/23 18:33:44 D:/codes/ginDemo/model/entity/user.go:78
[0.000ms] [rows:2] SELECT * FROM `gd_user` WHERE deleted_at is null AND `gd_user`.`deleted_at` IS NULL ORDER BY phone asc LIMIT 10

2024/09/23 18:33:51 D:/codes/ginDemo/model/entity/user.go:29
[0.817ms] [rows:1] SELECT * FROM `gd_user` WHERE `gd_user`.`user_id` = 2 AND `gd_user`.`status` = 1 AND `gd_user`.`deleted_at` IS NULL

2024/09/23 18:33:51 D:/codes/ginDemo/model/entity/user.go:73
[0.500ms] [rows:1] SELECT count(*) FROM `gd_user` WHERE deleted_at is null

2024/09/23 18:33:51 D:/codes/ginDemo/model/entity/user.go:78
[0.501ms] [rows:2] SELECT * FROM `gd_user` WHERE deleted_at is null AND `gd_user`.`deleted_at` IS NULL ORDER BY phone desc LIMIT 10

2024/09/23 18:34:06 D:/codes/ginDemo/model/entity/user.go:29
[0.897ms] [rows:1] SELECT * FROM `gd_user` WHERE `gd_user`.`user_id` = 2 AND `gd_user`.`status` = 1 AND `gd_user`.`deleted_at` IS NULL

2024/09/23 18:34:06 D:/codes/ginDemo/model/entity/user.go:73
[0.545ms] [rows:1] SELECT count(*) FROM `gd_user` WHERE deleted_at is null

2024/09/23 18:34:06 D:/codes/ginDemo/model/entity/user.go:78
[0.000ms] [rows:0] SELECT * FROM `gd_user` WHERE deleted_at is null AND `gd_user`.`deleted_at` IS NULL ORDER BY phone desc LIMIT 100 OFFSET 90

2024/09/23 18:34:10 D:/codes/ginDemo/model/entity/user.go:29
[0.497ms] [rows:1] SELECT * FROM `gd_user` WHERE `gd_user`.`user_id` = 2 AND `gd_user`.`status` = 1 AND `gd_user`.`deleted_at` IS NULL

2024/09/23 18:34:21 D:/codes/ginDemo/model/entity/user.go:29
[1.053ms] [rows:1] SELECT * FROM `gd_user` WHERE `gd_user`.`user_id` = 2 AND `gd_user`.`status` = 1 AND `gd_user`.`deleted_at` IS NULL

2024/09/23 18:34:21 D:/codes/ginDemo/model/entity/user.go:73
[0.000ms] [rows:1] SELECT count(*) FROM `gd_user` WHERE deleted_at is null

2024/09/23 18:34:21 D:/codes/ginDemo/model/entity/user.go:78
[0.497ms] [rows:2] SELECT * FROM `gd_user` WHERE deleted_at is null AND `gd_user`.`deleted_at` IS NULL ORDER BY phone desc LIMIT 10

2024/09/23 18:37:40 D:/codes/ginDemo/model/entity/user.go:33
[3.362ms] [rows:1] INSERT INTO `gd_user` (`user_id`,`user_name`,`password`,`nick_name`,`phone`,`avatar`,`sex`,`email`,`status`,`remark`,`modifier`,`created_time`,`modified_time`,`creater`,`modifier_name`,`creater_name`,`deleted_at`) VALUES (0,'2.5year','b6b33fd90f880021b2eff4fdded65817','cxk','17283193111','',0,'cxk@123.com',0,'',0,'2024-09-23 18:37:40.205','2024-09-23 18:37:40.205',0,'','',NULL)

2024/09/24 11:25:26 D:/codes/ginDemo/model/entity/user.go:29
[1.987ms] [rows:0] SELECT * FROM `gd_user` WHERE `gd_user`.`user_name` = '2.5year' AND `gd_user`.`status` = 1 AND `gd_user`.`deleted_at` IS NULL

2024/09/24 11:31:31 D:/codes/ginDemo/model/entity/user.go:29
[0.993ms] [rows:1] SELECT * FROM `gd_user` WHERE `gd_user`.`user_name` = '2.5year' AND `gd_user`.`status` = 1 AND `gd_user`.`deleted_at` IS NULL

2024/09/24 11:31:43 D:/codes/ginDemo/model/entity/user.go:29
[0.831ms] [rows:1] SELECT * FROM `gd_user` WHERE `gd_user`.`user_id` = 4 AND `gd_user`.`status` = 1 AND `gd_user`.`deleted_at` IS NULL

2024/09/24 11:31:43 D:/codes/ginDemo/model/entity/user.go:37
[1.986ms] [rows:1] UPDATE `gd_user` SET `deleted_at`='2024-09-24 11:31:43.677' WHERE user_id = 4 AND `gd_user`.`deleted_at` IS NULL

2024/09/24 11:32:01 D:/codes/ginDemo/model/entity/user.go:29
[0.790ms] [rows:1] SELECT * FROM `gd_user` WHERE `gd_user`.`user_id` = 2 AND `gd_user`.`status` = 1 AND `gd_user`.`deleted_at` IS NULL

2024/09/24 11:32:01 D:/codes/ginDemo/model/entity/user.go:73
[0.510ms] [rows:1] SELECT count(*) FROM `gd_user` WHERE deleted_at is null

2024/09/24 11:32:01 D:/codes/ginDemo/model/entity/user.go:78
[0.000ms] [rows:2] SELECT * FROM `gd_user` WHERE deleted_at is null AND `gd_user`.`deleted_at` IS NULL ORDER BY phone desc LIMIT 10

2024/09/24 11:34:36 D:/codes/ginDemo/model/entity/user.go:29
[0.837ms] [rows:1] SELECT * FROM `gd_user` WHERE `gd_user`.`user_name` = 'admin' AND `gd_user`.`status` = 1 AND `gd_user`.`deleted_at` IS NULL

2024/09/24 11:34:47 D:/codes/ginDemo/model/entity/user.go:29
[0.994ms] [rows:1] SELECT * FROM `gd_user` WHERE `gd_user`.`user_id` = 2 AND `gd_user`.`status` = 1 AND `gd_user`.`deleted_at` IS NULL

2024/09/24 11:34:47 D:/codes/ginDemo/model/entity/user.go:73
[0.497ms] [rows:1] SELECT count(*) FROM `gd_user` WHERE deleted_at is null

2024/09/24 11:34:47 D:/codes/ginDemo/model/entity/user.go:78
[0.000ms] [rows:2] SELECT * FROM `gd_user` WHERE deleted_at is null AND `gd_user`.`deleted_at` IS NULL ORDER BY phone desc LIMIT 10

2024/09/24 11:47:17 D:/codes/ginDemo/model/entity/user.go:29
[0.993ms] [rows:1] SELECT * FROM `gd_user` WHERE `gd_user`.`user_id` = 2 AND `gd_user`.`status` = 1 AND `gd_user`.`deleted_at` IS NULL

2024/09/24 11:48:03 D:/codes/ginDemo/model/entity/user.go:29
[0.992ms] [rows:1] SELECT * FROM `gd_user` WHERE `gd_user`.`user_id` = 2 AND `gd_user`.`status` = 1 AND `gd_user`.`deleted_at` IS NULL

2024/09/24 11:48:12 D:/codes/ginDemo/model/entity/user.go:29
[0.497ms] [rows:1] SELECT * FROM `gd_user` WHERE `gd_user`.`user_id` = 2 AND `gd_user`.`status` = 1 AND `gd_user`.`deleted_at` IS NULL

2024/09/24 11:48:12 D:/codes/ginDemo/model/entity/user.go:41 Error 1064 (42000): You have an error in your SQL syntax; check the manual that corresponds to your MySQL server version for the right syntax to use near 'user_id = ?  AND `gd_user`.`deleted_at` IS NULL' at line 1
[0.497ms] [rows:0] UPDATE `gd_user` SET `user_id`=2,`user_name`='admin',`password`='e10adc3949ba59abbe56e057f20f883e',`nick_name`='',`phone`='12348657956',`avatar`='/sss/ss.png',`sex`=1,`email`='tasgdjah@asg.com',`status`=1,`remark`='this is admin!',`modifier`=0,`created_time`='2023-09-23 14:06:31',`modified_time`='2023-09-23 14:06:39',`creater`=0,`modifier_name`='admin',`creater_name`='admin',`deleted_at`=NULL WHERE status = 1 user_id = 2  AND `gd_user`.`deleted_at` IS NULL

2024/09/24 11:50:26 D:/codes/ginDemo/model/entity/user.go:29
[0.994ms] [rows:1] SELECT * FROM `gd_user` WHERE `gd_user`.`user_id` = 2 AND `gd_user`.`status` = 1 AND `gd_user`.`deleted_at` IS NULL

2024/09/24 11:50:26 D:/codes/ginDemo/model/entity/user.go:41 Error 1064 (42000): You have an error in your SQL syntax; check the manual that corresponds to your MySQL server version for the right syntax to use near 'user_id = ?  AND `gd_user`.`deleted_at` IS NULL' at line 1
[0.993ms] [rows:0] UPDATE `gd_user` SET `user_id`=2,`user_name`='admin',`password`='e10adc3949ba59abbe56e057f20f883e',`nick_name`='',`phone`='12348657956',`avatar`='/sss/ss.png',`sex`=1,`email`='tasgdjah@asg.com',`status`=1,`remark`='this is admin!',`modifier`=0,`created_time`='2023-09-23 14:06:31',`modified_time`='2023-09-23 14:06:39',`creater`=0,`modifier_name`='admin',`creater_name`='admin',`deleted_at`=NULL WHERE status = 1 user_id = 2  AND `gd_user`.`deleted_at` IS NULL

2024/09/24 11:50:36 D:/codes/ginDemo/model/entity/user.go:29
[0.997ms] [rows:1] SELECT * FROM `gd_user` WHERE `gd_user`.`user_id` = 2 AND `gd_user`.`status` = 1 AND `gd_user`.`deleted_at` IS NULL

2024/09/24 11:50:36 D:/codes/ginDemo/model/entity/user.go:41 Error 1064 (42000): You have an error in your SQL syntax; check the manual that corresponds to your MySQL server version for the right syntax to use near 'user_id = ?  AND `gd_user`.`deleted_at` IS NULL' at line 1
[0.496ms] [rows:0] UPDATE `gd_user` SET `user_id`=2,`user_name`='admin',`password`='e10adc3949ba59abbe56e057f20f883e',`nick_name`='',`phone`='12348657956',`avatar`='/sss/ss.png',`sex`=1,`email`='tasgdjah@asg.com',`status`=1,`remark`='this is admin!',`modifier`=0,`created_time`='2023-09-23 14:06:31',`modified_time`='2023-09-23 14:06:39',`creater`=0,`modifier_name`='admin',`creater_name`='admin',`deleted_at`=NULL WHERE status = 1 user_id = 2  AND `gd_user`.`deleted_at` IS NULL

2024/09/24 11:55:12 D:/codes/ginDemo/model/entity/user.go:30
[1.490ms] [rows:1] SELECT * FROM `gd_user` WHERE `gd_user`.`user_id` = 2 AND `gd_user`.`status` = 1 AND `gd_user`.`deleted_at` IS NULL

2024/09/24 11:55:12 D:/codes/ginDemo/model/entity/user.go:43 Error 1064 (42000): You have an error in your SQL syntax; check the manual that corresponds to your MySQL server version for the right syntax to use near 'user_id = ?  AND `gd_user`.`deleted_at` IS NULL' at line 1
[0.497ms] [rows:0] UPDATE `gd_user` SET `user_id`=2,`user_name`='admin',`password`='e10adc3949ba59abbe56e057f20f883e',`nick_name`='',`phone`='12348657956',`avatar`='/sss/ss.png',`sex`=1,`email`='tasgdjah@asg.com',`status`=1,`remark`='this is admin!',`modifier`=0,`created_time`='2023-09-23 14:06:31',`modified_time`='2023-09-23 14:06:39',`creater`=0,`modifier_name`='admin',`creater_name`='admin',`deleted_at`=NULL WHERE status = 1 user_id = 2  AND `gd_user`.`deleted_at` IS NULL

2024/09/24 11:55:18 D:/codes/ginDemo/model/entity/user.go:30
[0.497ms] [rows:1] SELECT * FROM `gd_user` WHERE `gd_user`.`user_id` = 2 AND `gd_user`.`status` = 1 AND `gd_user`.`deleted_at` IS NULL

2024/09/24 11:55:18 D:/codes/ginDemo/model/entity/user.go:43 Error 1064 (42000): You have an error in your SQL syntax; check the manual that corresponds to your MySQL server version for the right syntax to use near 'user_id = ?  AND `gd_user`.`deleted_at` IS NULL' at line 1
[0.496ms] [rows:0] UPDATE `gd_user` SET `user_id`=2,`user_name`='admin',`password`='e10adc3949ba59abbe56e057f20f883e',`nick_name`='',`phone`='12348657956',`avatar`='/sss/ss.png',`sex`=1,`email`='tasgdjah@asg.com',`status`=1,`remark`='this is admin!',`modifier`=0,`created_time`='2023-09-23 14:06:31',`modified_time`='2023-09-23 14:06:39',`creater`=0,`modifier_name`='admin',`creater_name`='admin',`deleted_at`=NULL WHERE status = 1 user_id = 2  AND `gd_user`.`deleted_at` IS NULL

2024/09/24 11:57:58 D:/codes/ginDemo/model/entity/user.go:29
[0.994ms] [rows:1] SELECT * FROM `gd_user` WHERE `gd_user`.`user_id` = 2 AND `gd_user`.`status` = 1 AND `gd_user`.`deleted_at` IS NULL

2024/09/24 11:57:58 D:/codes/ginDemo/model/entity/user.go:41 Error 1062 (23000): Duplicate entry '2' for key 'gd_user.PRIMARY'
[2.485ms] [rows:0] UPDATE `gd_user` SET `user_id`=2,`user_name`='admin',`password`='e10adc3949ba59abbe56e057f20f883e',`nick_name`='',`phone`='12348657956',`avatar`='/sss/ss.png',`sex`=1,`email`='tasgdjah@asg.com',`status`=1,`remark`='this is admin!',`modifier`=0,`created_time`='2023-09-23 14:06:31',`modified_time`='2023-09-23 14:06:39',`creater`=0,`modifier_name`='admin',`creater_name`='admin',`deleted_at`=NULL WHERE status = 1  AND `gd_user`.`deleted_at` IS NULL

2024/12/19 16:29:34 D:/codes/ginDemo/model/entity/user.go:29
[1.169ms] [rows:1] SELECT * FROM `gd_user` WHERE `gd_user`.`user_name` = 'admin' AND `gd_user`.`status` = 1 AND `gd_user`.`deleted_at` IS NULL

2024/12/19 16:29:52 D:/codes/ginDemo/model/entity/user.go:29
[0.875ms] [rows:1] SELECT * FROM `gd_user` WHERE `gd_user`.`user_id` = 3 AND `gd_user`.`status` = 1 AND `gd_user`.`deleted_at` IS NULL

2024/12/19 16:30:08 D:/codes/ginDemo/model/entity/user.go:29
[0.615ms] [rows:1] SELECT * FROM `gd_user` WHERE `gd_user`.`user_id` = 3 AND `gd_user`.`status` = 1 AND `gd_user`.`deleted_at` IS NULL

2024/12/19 16:30:08 D:/codes/ginDemo/model/entity/user.go:73
[0.597ms] [rows:1] SELECT count(*) FROM `gd_user` WHERE deleted_at is null

2024/12/19 16:30:08 D:/codes/ginDemo/model/entity/user.go:78
[0.000ms] [rows:1] SELECT * FROM `gd_user` WHERE deleted_at is null AND `gd_user`.`deleted_at` IS NULL ORDER BY phone desc LIMIT 10

2024/12/19 16:30:16 D:/codes/ginDemo/model/entity/user.go:33
[7.500ms] [rows:1] INSERT INTO `gd_user` (`user_id`,`user_name`,`password`,`nick_name`,`phone`,`avatar`,`sex`,`email`,`status`,`remark`,`modifier`,`created_time`,`modified_time`,`creater`,`modifier_name`,`creater_name`,`deleted_at`) VALUES (0,'2.5year','b6b33fd90f880021b2eff4fdded65817','cxk','17283193111','',0,'cxk@123.com',0,'',0,'2024-12-19 16:30:16.315','2024-12-19 16:30:16.315',0,'','',NULL)

2024/12/19 16:30:20 D:/codes/ginDemo/model/entity/user.go:29
[0.724ms] [rows:1] SELECT * FROM `gd_user` WHERE `gd_user`.`user_id` = 3 AND `gd_user`.`status` = 1 AND `gd_user`.`deleted_at` IS NULL

2024/12/19 16:30:20 D:/codes/ginDemo/model/entity/user.go:73
[0.000ms] [rows:1] SELECT count(*) FROM `gd_user` WHERE deleted_at is null

2024/12/19 16:30:20 D:/codes/ginDemo/model/entity/user.go:78
[1.026ms] [rows:2] SELECT * FROM `gd_user` WHERE deleted_at is null AND `gd_user`.`deleted_at` IS NULL ORDER BY phone desc LIMIT 10

2024/12/19 18:27:17 D:/codes/ginDemo/model/entity/user.go:29
[0.605ms] [rows:1] SELECT * FROM `gd_user` WHERE `gd_user`.`user_id` = 3 AND `gd_user`.`status` = 1 AND `gd_user`.`deleted_at` IS NULL

2024/12/19 18:27:17 D:/codes/ginDemo/model/entity/user.go:73
[0.551ms] [rows:1] SELECT count(*) FROM `gd_user` WHERE deleted_at is null

2024/12/19 18:27:17 D:/codes/ginDemo/model/entity/user.go:78
[0.000ms] [rows:2] SELECT * FROM `gd_user` WHERE deleted_at is null AND `gd_user`.`deleted_at` IS NULL ORDER BY phone desc LIMIT 10

2024/12/19 18:27:24 D:/codes/ginDemo/model/entity/user.go:29
[0.649ms] [rows:1] SELECT * FROM `gd_user` WHERE `gd_user`.`user_id` = 3 AND `gd_user`.`status` = 1 AND `gd_user`.`deleted_at` IS NULL

2024/12/19 18:27:24 D:/codes/ginDemo/model/entity/user.go:73
[0.694ms] [rows:1] SELECT count(*) FROM `gd_user` WHERE deleted_at is null

2024/12/19 18:27:24 D:/codes/ginDemo/model/entity/user.go:78
[0.000ms] [rows:2] SELECT * FROM `gd_user` WHERE deleted_at is null AND `gd_user`.`deleted_at` IS NULL ORDER BY phone desc LIMIT 10

2024/12/19 18:30:25 D:/codes/ginDemo/model/entity/user.go:29
[0.769ms] [rows:1] SELECT * FROM `gd_user` WHERE `gd_user`.`user_id` = 3 AND `gd_user`.`status` = 1 AND `gd_user`.`deleted_at` IS NULL

2024/12/19 18:30:44 D:/codes/ginDemo/model/entity/user.go:29
[0.508ms] [rows:1] SELECT * FROM `gd_user` WHERE `gd_user`.`user_id` = 3 AND `gd_user`.`status` = 1 AND `gd_user`.`deleted_at` IS NULL

2024/12/19 18:30:44 D:/codes/ginDemo/model/entity/user.go:29
[0.564ms] [rows:0] SELECT * FROM `gd_user` WHERE `gd_user`.`user_id` = 4 AND `gd_user`.`status` = 1 AND `gd_user`.`deleted_at` IS NULL

2024/12/19 18:30:44 D:/codes/ginDemo/model/entity/user.go:41 Error 1062 (23000): Duplicate entry '4' for key 'gd_user.PRIMARY'
[13.835ms] [rows:0] UPDATE `gd_user` SET `user_id`=4,`user_name`='tom',`password`='2b2ebb54b8fbf58caee1a8247fa53b7e',`nick_name`='cat',`phone`='76234619342',`avatar`='',`sex`=1,`email`='ajsgdhajk@sdau.com',`status`=1,`remark`='this a cat ,name is tom!',`modifier`=0,`created_time`='0000-00-00 00:00:00',`modified_time`='0000-00-00 00:00:00',`creater`=0,`modifier_name`='',`creater_name`='',`deleted_at`=NULL WHERE status = 1  AND `gd_user`.`deleted_at` IS NULL

2024/12/19 18:34:04 D:/codes/ginDemo/model/entity/user.go:29
[1.039ms] [rows:1] SELECT * FROM `gd_user` WHERE `gd_user`.`user_id` = 3 AND `gd_user`.`status` = 1 AND `gd_user`.`deleted_at` IS NULL

2024/12/19 18:34:05 D:/codes/ginDemo/model/entity/user.go:29
[0.525ms] [rows:0] SELECT * FROM `gd_user` WHERE `gd_user`.`user_id` = 4 AND `gd_user`.`status` = 1 AND `gd_user`.`deleted_at` IS NULL

2024/12/19 18:34:05 D:/codes/ginDemo/model/entity/user.go:41
[5.563ms] [rows:0] UPDATE `gd_user` SET `user_id`=4,`user_name`='tom',`password`='2b2ebb54b8fbf58caee1a8247fa53b7e',`nick_name`='cat',`phone`='76234619342',`avatar`='',`sex`=1,`email`='ajsgdhajk@sdau.com',`status`=1,`remark`='this a cat ,name is tom!',`modifier`=0,`created_time`='0000-00-00 00:00:00',`modified_time`='0000-00-00 00:00:00',`creater`=0,`modifier_name`='',`creater_name`='',`deleted_at`=NULL WHERE status = 1  AND user_id = 4 AND `gd_user`.`deleted_at` IS NULL

2024/12/19 18:34:05 D:/codes/ginDemo/model/entity/user.go:41
[7.282ms] [rows:2] INSERT INTO `gd_user` (`user_id`,`user_name`,`password`,`nick_name`,`phone`,`avatar`,`sex`,`email`,`status`,`remark`,`modifier`,`created_time`,`modified_time`,`creater`,`modifier_name`,`creater_name`,`deleted_at`) VALUES (4,'tom','2b2ebb54b8fbf58caee1a8247fa53b7e','cat','76234619342','',1,'ajsgdhajk@sdau.com',1,'this a cat ,name is tom!',0,'0000-00-00 00:00:00','0000-00-00 00:00:00',0,'','',NULL) ON DUPLICATE KEY UPDATE `user_id`=VALUES(`user_id`),`user_name`=VALUES(`user_name`),`password`=VALUES(`password`),`nick_name`=VALUES(`nick_name`),`phone`=VALUES(`phone`),`avatar`=VALUES(`avatar`),`sex`=VALUES(`sex`),`email`=VALUES(`email`),`status`=VALUES(`status`),`remark`=VALUES(`remark`),`modifier`=VALUES(`modifier`),`created_time`=VALUES(`created_time`),`modified_time`=VALUES(`modified_time`),`creater`=VALUES(`creater`),`modifier_name`=VALUES(`modifier_name`),`creater_name`=VALUES(`creater_name`),`deleted_at`=VALUES(`deleted_at`)

2024/12/19 18:34:27 D:/codes/ginDemo/model/entity/user.go:29
[0.932ms] [rows:1] SELECT * FROM `gd_user` WHERE `gd_user`.`user_id` = 3 AND `gd_user`.`status` = 1 AND `gd_user`.`deleted_at` IS NULL

2024/12/19 18:35:55 D:/codes/ginDemo/model/entity/user.go:29
[1.017ms] [rows:1] SELECT * FROM `gd_user` WHERE `gd_user`.`user_id` = 3 AND `gd_user`.`status` = 1 AND `gd_user`.`deleted_at` IS NULL

2024/12/19 18:35:55 D:/codes/ginDemo/model/entity/user.go:29
[0.585ms] [rows:1] SELECT * FROM `gd_user` WHERE `gd_user`.`user_id` = 4 AND `gd_user`.`status` = 1 AND `gd_user`.`deleted_at` IS NULL

2024/12/19 18:35:55 D:/codes/ginDemo/model/entity/user.go:41
[7.122ms] [rows:1] UPDATE `gd_user` SET `user_id`=4,`user_name`='tom',`password`='2b2ebb54b8fbf58caee1a8247fa53b7e',`nick_name`='cat',`phone`='76234619342',`avatar`='',`sex`=1,`email`='ajsgdhajk@sdau.com',`status`=2,`remark`='this a cat ,name is tom!',`modifier`=0,`created_time`='0000-00-00 00:00:00',`modified_time`='0000-00-00 00:00:00',`creater`=0,`modifier_name`='',`creater_name`='',`deleted_at`=NULL WHERE status = 1  AND user_id = 4 AND `gd_user`.`deleted_at` IS NULL

2024/12/19 18:36:14 D:/codes/ginDemo/model/entity/user.go:29
[1.146ms] [rows:1] SELECT * FROM `gd_user` WHERE `gd_user`.`user_id` = 3 AND `gd_user`.`status` = 1 AND `gd_user`.`deleted_at` IS NULL

2024/12/19 18:36:14 D:/codes/ginDemo/model/entity/user.go:29
[0.583ms] [rows:0] SELECT * FROM `gd_user` WHERE `gd_user`.`user_id` = 4 AND `gd_user`.`status` = 1 AND `gd_user`.`deleted_at` IS NULL

2024/12/19 18:36:14 D:/codes/ginDemo/model/entity/user.go:41
[2.658ms] [rows:0] UPDATE `gd_user` SET `user_id`=4,`user_name`='tom',`password`='2b2ebb54b8fbf58caee1a8247fa53b7e',`nick_name`='cat',`phone`='27102371721',`avatar`='',`sex`=1,`email`='ajsgdhajk@sdau.com',`status`=1,`remark`='this a cat ,name is tom!',`modifier`=0,`created_time`='0000-00-00 00:00:00',`modified_time`='0000-00-00 00:00:00',`creater`=0,`modifier_name`='',`creater_name`='',`deleted_at`=NULL WHERE status = 1  AND user_id = 4 AND `gd_user`.`deleted_at` IS NULL

2024/12/19 18:36:14 D:/codes/ginDemo/model/entity/user.go:41
[6.144ms] [rows:2] INSERT INTO `gd_user` (`user_id`,`user_name`,`password`,`nick_name`,`phone`,`avatar`,`sex`,`email`,`status`,`remark`,`modifier`,`created_time`,`modified_time`,`creater`,`modifier_name`,`creater_name`,`deleted_at`) VALUES (4,'tom','2b2ebb54b8fbf58caee1a8247fa53b7e','cat','27102371721','',1,'ajsgdhajk@sdau.com',1,'this a cat ,name is tom!',0,'0000-00-00 00:00:00','0000-00-00 00:00:00',0,'','',NULL) ON DUPLICATE KEY UPDATE `user_id`=VALUES(`user_id`),`user_name`=VALUES(`user_name`),`password`=VALUES(`password`),`nick_name`=VALUES(`nick_name`),`phone`=VALUES(`phone`),`avatar`=VALUES(`avatar`),`sex`=VALUES(`sex`),`email`=VALUES(`email`),`status`=VALUES(`status`),`remark`=VALUES(`remark`),`modifier`=VALUES(`modifier`),`created_time`=VALUES(`created_time`),`modified_time`=VALUES(`modified_time`),`creater`=VALUES(`creater`),`modifier_name`=VALUES(`modifier_name`),`creater_name`=VALUES(`creater_name`),`deleted_at`=VALUES(`deleted_at`)

2024/12/19 18:36:31 D:/codes/ginDemo/model/entity/user.go:29
[0.677ms] [rows:1] SELECT * FROM `gd_user` WHERE `gd_user`.`user_id` = 3 AND `gd_user`.`status` = 1 AND `gd_user`.`deleted_at` IS NULL

2024/12/19 18:36:31 D:/codes/ginDemo/model/entity/user.go:41
[7.635ms] [rows:1] UPDATE `gd_user` SET `user_id`=3,`user_name`='admin',`password`='e10adc3949ba59abbe56e057f20f883e',`nick_name`='',`phone`='',`avatar`='',`sex`=0,`email`='',`status`=1,`remark`='this a cat ,name is tom!',`modifier`=0,`created_time`='2023-09-23 14:06:31',`modified_time`='2023-09-23 14:06:39',`creater`=0,`modifier_name`='admin',`creater_name`='admin',`deleted_at`=NULL WHERE status = 1  AND user_id = 3 AND `gd_user`.`deleted_at` IS NULL

2024/12/19 18:36:34 D:/codes/ginDemo/model/entity/user.go:29
[0.511ms] [rows:1] SELECT * FROM `gd_user` WHERE `gd_user`.`user_id` = 3 AND `gd_user`.`status` = 1 AND `gd_user`.`deleted_at` IS NULL

2024/12/19 18:36:34 D:/codes/ginDemo/model/entity/user.go:41
[16.607ms] [rows:0] UPDATE `gd_user` SET `user_id`=3,`user_name`='admin',`password`='e10adc3949ba59abbe56e057f20f883e',`nick_name`='',`phone`='',`avatar`='',`sex`=0,`email`='',`status`=1,`remark`='this a cat ,name is tom!',`modifier`=0,`created_time`='2023-09-23 14:06:31',`modified_time`='2023-09-23 14:06:39',`creater`=0,`modifier_name`='admin',`creater_name`='admin',`deleted_at`=NULL WHERE status = 1  AND user_id = 3 AND `gd_user`.`deleted_at` IS NULL

2024/12/19 18:36:34 D:/codes/ginDemo/model/entity/user.go:41
[4.087ms] [rows:0] INSERT INTO `gd_user` (`user_id`,`user_name`,`password`,`nick_name`,`phone`,`avatar`,`sex`,`email`,`status`,`remark`,`modifier`,`created_time`,`modified_time`,`creater`,`modifier_name`,`creater_name`,`deleted_at`) VALUES (3,'admin','e10adc3949ba59abbe56e057f20f883e','','','',0,'',1,'this a cat ,name is tom!',0,'2023-09-23 14:06:31','2023-09-23 14:06:39',0,'admin','admin',NULL) ON DUPLICATE KEY UPDATE `user_id`=VALUES(`user_id`),`user_name`=VALUES(`user_name`),`password`=VALUES(`password`),`nick_name`=VALUES(`nick_name`),`phone`=VALUES(`phone`),`avatar`=VALUES(`avatar`),`sex`=VALUES(`sex`),`email`=VALUES(`email`),`status`=VALUES(`status`),`remark`=VALUES(`remark`),`modifier`=VALUES(`modifier`),`created_time`=VALUES(`created_time`),`modified_time`=VALUES(`modified_time`),`creater`=VALUES(`creater`),`modifier_name`=VALUES(`modifier_name`),`creater_name`=VALUES(`creater_name`),`deleted_at`=VALUES(`deleted_at`)

2024/12/19 18:40:52 D:/codes/ginDemo/model/entity/user.go:29
[1.173ms] [rows:1] SELECT * FROM `gd_user` WHERE `gd_user`.`user_id` = 3 AND `gd_user`.`status` = 1 AND `gd_user`.`deleted_at` IS NULL

2024/12/19 18:40:52 D:/codes/ginDemo/model/entity/user.go:41
[9.332ms] [rows:1] UPDATE `gd_user` SET `user_id`=3,`user_name`='admin',`password`='e10adc3949ba59abbe56e057f20f883e',`nick_name`='',`phone`='',`avatar`='',`sex`=0,`email`='',`status`=1,`remark`='this a cat ,name is tom11!',`modifier`=3,`created_time`='2023-09-23 14:06:31',`modified_time`='2024-12-19 18:40:52.574',`creater`=0,`modifier_name`='admin',`creater_name`='admin',`deleted_at`=NULL WHERE status = 1  AND user_id = 3 AND `gd_user`.`deleted_at` IS NULL

2024/12/19 18:41:08 D:/codes/ginDemo/model/entity/user.go:29
[1.020ms] [rows:1] SELECT * FROM `gd_user` WHERE `gd_user`.`user_id` = 3 AND `gd_user`.`status` = 1 AND `gd_user`.`deleted_at` IS NULL

2024/12/19 18:41:08 D:/codes/ginDemo/model/entity/user.go:41
[6.896ms] [rows:1] UPDATE `gd_user` SET `user_id`=3,`user_name`='admin',`password`='e10adc3949ba59abbe56e057f20f883e',`nick_name`='',`phone`='',`avatar`='',`sex`=0,`email`='',`status`=1,`remark`='this a cat ,name is tom11!',`modifier`=3,`created_time`='2023-09-23 14:06:31',`modified_time`='2024-12-19 18:41:08.623',`creater`=0,`modifier_name`='admin',`creater_name`='admin',`deleted_at`=NULL WHERE status = 1  AND user_id = 3 AND `gd_user`.`deleted_at` IS NULL

2024/12/19 18:41:26 D:/codes/ginDemo/model/entity/user.go:29
[0.517ms] [rows:1] SELECT * FROM `gd_user` WHERE `gd_user`.`user_id` = 3 AND `gd_user`.`status` = 1 AND `gd_user`.`deleted_at` IS NULL

2024/12/19 18:41:26 D:/codes/ginDemo/model/entity/user.go:29
[0.595ms] [rows:1] SELECT * FROM `gd_user` WHERE `gd_user`.`user_id` = 4 AND `gd_user`.`status` = 1 AND `gd_user`.`deleted_at` IS NULL

2024/12/19 18:41:26 D:/codes/ginDemo/model/entity/user.go:41
[6.932ms] [rows:1] UPDATE `gd_user` SET `user_id`=4,`user_name`='tom',`password`='2b2ebb54b8fbf58caee1a8247fa53b7e',`nick_name`='cat',`phone`='27102371721',`avatar`='',`sex`=1,`email`='ajsgdhajk@sdau.com',`status`=1,`remark`='this a cat ,name is tom2!',`modifier`=4,`created_time`='0000-00-00 00:00:00',`modified_time`='2024-12-19 18:41:26.815',`creater`=0,`modifier_name`='tom',`creater_name`='',`deleted_at`=NULL WHERE status = 1  AND user_id = 4 AND `gd_user`.`deleted_at` IS NULL

2024/12/19 18:46:26 D:/codes/ginDemo/model/entity/user.go:29
[0.514ms] [rows:1] SELECT * FROM `gd_user` WHERE `gd_user`.`user_id` = 3 AND `gd_user`.`status` = 1 AND `gd_user`.`deleted_at` IS NULL

2024/12/19 18:46:26 D:/codes/ginDemo/model/entity/menu.go:21
[17.815ms] [rows:1] INSERT INTO `gd_menu` (`menu_id`,`menu_name`,`pid`,`level`,`status`,`remark`,`modifier`,`created_time`,`modified_time`,`creater`,`modifier_name`,`creater_name`,`deleted_at`) VALUES (0,'',1,1,0,'asdjkhaskd',0,'0000-00-00 00:00:00','0000-00-00 00:00:00',0,'','',NULL)

2024/12/20 17:31:49 D:/codes/ginDemo/model/entity/user.go:29
[13.581ms] [rows:1] SELECT * FROM `gd_user` WHERE `gd_user`.`user_name` = 'admin' AND `gd_user`.`status` = 1 AND `gd_user`.`deleted_at` IS NULL

2024/12/20 17:32:05 D:/codes/ginDemo/model/entity/user.go:29
[0.617ms] [rows:1] SELECT * FROM `gd_user` WHERE `gd_user`.`user_id` = 3 AND `gd_user`.`status` = 1 AND `gd_user`.`deleted_at` IS NULL

2024/12/20 17:32:05 D:/codes/ginDemo/model/entity/user.go:73
[0.517ms] [rows:1] SELECT count(*) FROM `gd_user` WHERE deleted_at is null

2024/12/20 17:32:05 D:/codes/ginDemo/model/entity/user.go:78
[0.674ms] [rows:2] SELECT * FROM `gd_user` WHERE deleted_at is null AND `gd_user`.`deleted_at` IS NULL ORDER BY phone desc LIMIT 10

2024/12/20 17:32:14 D:/codes/ginDemo/model/entity/user.go:29
[0.546ms] [rows:1] SELECT * FROM `gd_user` WHERE `gd_user`.`user_id` = 3 AND `gd_user`.`status` = 1 AND `gd_user`.`deleted_at` IS NULL

2024/12/20 17:32:14 D:/codes/ginDemo/model/entity/menu.go:21
[16.031ms] [rows:1] INSERT INTO `gd_menu` (`menu_id`,`menu_name`,`pid`,`level`,`status`,`remark`,`modifier`,`created_time`,`modified_time`,`creater`,`modifier_name`,`creater_name`,`deleted_at`) VALUES (0,'',1,1,0,'asdjkhaskd',0,'0000-00-00 00:00:00','0000-00-00 00:00:00',0,'','',NULL)

2024/12/20 17:33:35 D:/codes/ginDemo/model/entity/user.go:29
[1.232ms] [rows:1] SELECT * FROM `gd_user` WHERE `gd_user`.`user_id` = 3 AND `gd_user`.`status` = 1 AND `gd_user`.`deleted_at` IS NULL

2024/12/20 17:33:35 D:/codes/ginDemo/model/entity/menu.go:26 Error 1064 (42000): You have an error in your SQL syntax; check the manual that corresponds to your MySQL server version for the right syntax to use near 'menu_id = ?  AND `gd_menu`.`deleted_at` IS NULL' at line 1
[0.532ms] [rows:0] UPDATE `gd_menu` SET `menu_id`=1,`menu_name`='test',`pid`=1,`level`=1,`status`=1,`remark`='test',`modifier`=0,`created_time`='0000-00-00 00:00:00',`modified_time`='0000-00-00 00:00:00',`creater`=0,`modifier_name`='',`creater_name`='',`deleted_at`=NULL WHERE status = 1 menu_id = 1  AND `gd_menu`.`deleted_at` IS NULL

2024/12/20 17:34:37 D:/codes/ginDemo/model/entity/user.go:29
[1.094ms] [rows:1] SELECT * FROM `gd_user` WHERE `gd_user`.`user_id` = 3 AND `gd_user`.`status` = 1 AND `gd_user`.`deleted_at` IS NULL

2024/12/20 17:34:37 D:/codes/ginDemo/model/entity/menu.go:26
[44.705ms] [rows:1] UPDATE `gd_menu` SET `menu_id`=1,`menu_name`='test',`pid`=1,`level`=1,`status`=1,`remark`='test',`modifier`=0,`created_time`='0000-00-00 00:00:00',`modified_time`='0000-00-00 00:00:00',`creater`=0,`modifier_name`='',`creater_name`='',`deleted_at`=NULL WHERE menu_id = 1  AND `gd_menu`.`deleted_at` IS NULL

2024/12/20 17:43:05 D:/codes/ginDemo/model/entity/user.go:29
[0.506ms] [rows:1] SELECT * FROM `gd_user` WHERE `gd_user`.`user_id` = 3 AND `gd_user`.`status` = 1 AND `gd_user`.`deleted_at` IS NULL

2024/12/20 17:43:05 D:/codes/ginDemo/model/entity/menu.go:26
[16.023ms] [rows:0] UPDATE `gd_menu` SET `menu_id`=1,`menu_name`='test',`pid`=1,`level`=1,`status`=1,`remark`='test',`modifier`=0,`created_time`='0000-00-00 00:00:00',`modified_time`='0000-00-00 00:00:00',`creater`=0,`modifier_name`='',`creater_name`='',`deleted_at`=NULL WHERE menu_id = 1  AND `gd_menu`.`deleted_at` IS NULL

2024/12/20 17:43:05 D:/codes/ginDemo/model/entity/menu.go:26
[4.770ms] [rows:0] INSERT INTO `gd_menu` (`menu_id`,`menu_name`,`pid`,`level`,`status`,`remark`,`modifier`,`created_time`,`modified_time`,`creater`,`modifier_name`,`creater_name`,`deleted_at`) VALUES (1,'test',1,1,1,'test',0,'0000-00-00 00:00:00','0000-00-00 00:00:00',0,'','',NULL) ON DUPLICATE KEY UPDATE `menu_id`=VALUES(`menu_id`),`menu_name`=VALUES(`menu_name`),`pid`=VALUES(`pid`),`level`=VALUES(`level`),`status`=VALUES(`status`),`remark`=VALUES(`remark`),`modifier`=VALUES(`modifier`),`created_time`=VALUES(`created_time`),`modified_time`=VALUES(`modified_time`),`creater`=VALUES(`creater`),`modifier_name`=VALUES(`modifier_name`),`creater_name`=VALUES(`creater_name`),`deleted_at`=VALUES(`deleted_at`)

2024/12/20 17:43:19 D:/codes/ginDemo/model/entity/user.go:29
[0.505ms] [rows:1] SELECT * FROM `gd_user` WHERE `gd_user`.`user_id` = 3 AND `gd_user`.`status` = 1 AND `gd_user`.`deleted_at` IS NULL

2024/12/20 17:43:19 D:/codes/ginDemo/model/entity/menu.go:56
[0.513ms] [rows:2] SELECT * FROM `gd_menu` WHERE `gd_menu`.`deleted_at` IS NULL LIMIT 10

2024/12/20 17:43:53 D:/codes/ginDemo/model/entity/user.go:29
[0.526ms] [rows:1] SELECT * FROM `gd_user` WHERE `gd_user`.`user_id` = 3 AND `gd_user`.`status` = 1 AND `gd_user`.`deleted_at` IS NULL

2024/12/20 17:43:53 D:/codes/ginDemo/model/entity/menu.go:26
[14.676ms] [rows:1] UPDATE `gd_menu` SET `menu_id`=1,`menu_name`='test11',`pid`=1,`level`=1,`status`=1,`remark`='test',`modifier`=0,`created_time`='0000-00-00 00:00:00',`modified_time`='0000-00-00 00:00:00',`creater`=0,`modifier_name`='',`creater_name`='',`deleted_at`=NULL WHERE menu_id = 1  AND `gd_menu`.`deleted_at` IS NULL

2024/12/20 17:43:56 D:/codes/ginDemo/model/entity/user.go:29
[0.591ms] [rows:1] SELECT * FROM `gd_user` WHERE `gd_user`.`user_id` = 3 AND `gd_user`.`status` = 1 AND `gd_user`.`deleted_at` IS NULL

2024/12/20 17:43:56 D:/codes/ginDemo/model/entity/menu.go:56
[0.544ms] [rows:2] SELECT * FROM `gd_menu` WHERE `gd_menu`.`deleted_at` IS NULL LIMIT 10

2024/12/20 17:45:36 D:/codes/ginDemo/model/entity/user.go:29
[0.578ms] [rows:1] SELECT * FROM `gd_user` WHERE `gd_user`.`user_id` = 3 AND `gd_user`.`status` = 1 AND `gd_user`.`deleted_at` IS NULL

2024/12/20 17:45:47 D:/codes/ginDemo/model/entity/user.go:29
[0.556ms] [rows:1] SELECT * FROM `gd_user` WHERE `gd_user`.`user_id` = 3 AND `gd_user`.`status` = 1 AND `gd_user`.`deleted_at` IS NULL

2024/12/20 17:47:26 D:/codes/ginDemo/model/entity/user.go:29
[0.653ms] [rows:1] SELECT * FROM `gd_user` WHERE `gd_user`.`user_id` = 3 AND `gd_user`.`status` = 1 AND `gd_user`.`deleted_at` IS NULL

2024/12/20 17:47:26 D:/codes/ginDemo/model/entity/menu.go:31 WHERE conditions required
[0.000ms] [rows:0] UPDATE `gd_menu` SET `deleted_at`='2024-12-20 17:47:26.748' WHERE `gd_menu`.`deleted_at` IS NULL

2024/12/20 17:52:20 D:/codes/ginDemo/model/entity/user.go:29
[1.177ms] [rows:1] SELECT * FROM `gd_user` WHERE `gd_user`.`user_id` = 3 AND `gd_user`.`status` = 1 AND `gd_user`.`deleted_at` IS NULL

2024/12/20 17:52:20 D:/codes/ginDemo/model/entity/menu.go:31 WHERE conditions required
[0.512ms] [rows:0] UPDATE `gd_menu` SET `deleted_at`='2024-12-20 17:52:20.632' WHERE `gd_menu`.`deleted_at` IS NULL

2024/12/20 17:54:15 D:/codes/ginDemo/model/entity/user.go:29
[1.081ms] [rows:1] SELECT * FROM `gd_user` WHERE `gd_user`.`user_id` = 3 AND `gd_user`.`status` = 1 AND `gd_user`.`deleted_at` IS NULL

2024/12/20 17:54:15 D:/codes/ginDemo/model/entity/menu.go:35 sql: converting argument $2 type: unsupported type []entity.Menu, a slice of struct
[0.514ms] [rows:0] UPDATE `gd_menu` SET `deleted_at`='2024-12-20 17:54:15.772' WHERE menu_id in '[{0  0 0 0  {0 0001-01-01 00:00:00 +0000 UTC 0001-01-01 00:00:00 +0000 UTC 0   {2024-12-20 17:54:15.772 +0800 CST true}}} {0  0 0 0  {0 0001-01-01 00:00:00 +0000 UTC 0001-01-01 00:00:00 +0000 UTC 0   {2024-12-20 17:54:15.772 +0800 CST true}}} {0  0 0 0  {0 0001-01-01 00:00:00 +0000 UTC 0001-01-01 00:00:00 +0000 UTC 0   {2024-12-20 17:54:15.772 +0800 CST true}}} {1  0 0 0  {0 0001-01-01 00:00:00 +0000 UTC 0001-01-01 00:00:00 +0000 UTC 0   {2024-12-20 17:54:15.772 +0800 CST true}}}]' AND `gd_menu`.`deleted_at` IS NULL

2024/12/20 17:55:27 D:/codes/ginDemo/model/entity/user.go:29
[0.557ms] [rows:1] SELECT * FROM `gd_user` WHERE `gd_user`.`user_id` = 3 AND `gd_user`.`status` = 1 AND `gd_user`.`deleted_at` IS NULL

2024/12/20 17:55:27 D:/codes/ginDemo/model/entity/menu.go:35
[6.803ms] [rows:1] UPDATE `gd_menu` SET `deleted_at`='2024-12-20 17:55:27.645' WHERE menu_id in (0,0,0,1) AND `gd_menu`.`deleted_at` IS NULL

2024/12/20 17:57:02 D:/codes/ginDemo/model/entity/user.go:29
[1.023ms] [rows:1] SELECT * FROM `gd_user` WHERE `gd_user`.`user_id` = 3 AND `gd_user`.`status` = 1 AND `gd_user`.`deleted_at` IS NULL

2024/12/20 17:57:02 D:/codes/ginDemo/model/entity/menu.go:35
[38.040ms] [rows:1] UPDATE `gd_menu` SET `deleted_at`='2024-12-20 17:57:02.922' WHERE menu_id in (0,0,1,2) AND `gd_menu`.`deleted_at` IS NULL

2024/12/20 17:58:16 D:/codes/ginDemo/model/entity/user.go:29
[1.060ms] [rows:1] SELECT * FROM `gd_user` WHERE `gd_user`.`user_id` = 3 AND `gd_user`.`status` = 1 AND `gd_user`.`deleted_at` IS NULL

2024/12/20 17:58:16 D:/codes/ginDemo/model/entity/menu.go:35
[5.078ms] [rows:0] UPDATE `gd_menu` SET `deleted_at`='2024-12-20 17:58:16.397' WHERE menu_id in (0,0,0,0,0,0,1,2) AND `gd_menu`.`deleted_at` IS NULL

2024/12/20 17:59:17 D:/codes/ginDemo/model/entity/user.go:29
[1.032ms] [rows:1] SELECT * FROM `gd_user` WHERE `gd_user`.`user_id` = 3 AND `gd_user`.`status` = 1 AND `gd_user`.`deleted_at` IS NULL

2024/12/20 17:59:17 D:/codes/ginDemo/model/entity/menu.go:37
[5.797ms] [rows:0] UPDATE `gd_menu` SET `deleted_at`='2024-12-20 17:59:17.067' WHERE menu_id in (0,0,1,2) AND `gd_menu`.`deleted_at` IS NULL

2024/12/20 17:59:28 D:/codes/ginDemo/model/entity/user.go:29
[1.290ms] [rows:1] SELECT * FROM `gd_user` WHERE `gd_user`.`user_id` = 3 AND `gd_user`.`status` = 1 AND `gd_user`.`deleted_at` IS NULL

2024/12/20 17:59:28 D:/codes/ginDemo/model/entity/menu.go:37
[18.870ms] [rows:0] UPDATE `gd_menu` SET `deleted_at`='2024-12-20 17:59:28.69' WHERE menu_id in (0,0,1,2) AND `gd_menu`.`deleted_at` IS NULL

2024/12/20 18:00:10 D:/codes/ginDemo/model/entity/user.go:29
[0.521ms] [rows:1] SELECT * FROM `gd_user` WHERE `gd_user`.`user_id` = 3 AND `gd_user`.`status` = 1 AND `gd_user`.`deleted_at` IS NULL

2024/12/20 18:00:10 D:/codes/ginDemo/model/entity/menu.go:38
[5.638ms] [rows:0] UPDATE `gd_menu` SET `deleted_at`='2024-12-20 18:00:10.719' WHERE menu_id in (0,0,1,2) AND `gd_menu`.`deleted_at` IS NULL

2024/12/20 18:00:35 D:/codes/ginDemo/model/entity/user.go:29
[0.516ms] [rows:1] SELECT * FROM `gd_user` WHERE `gd_user`.`user_id` = 3 AND `gd_user`.`status` = 1 AND `gd_user`.`deleted_at` IS NULL

2024/12/20 18:00:35 D:/codes/ginDemo/model/entity/menu.go:39
[5.966ms] [rows:0] UPDATE `gd_menu` SET `deleted_at`='2024-12-20 18:00:35.017' WHERE menu_id in (0,0,1,2) AND `gd_menu`.`deleted_at` IS NULL

2024/12/20 18:01:35 D:/codes/ginDemo/model/entity/user.go:29
[0.918ms] [rows:1] SELECT * FROM `gd_user` WHERE `gd_user`.`user_id` = 3 AND `gd_user`.`status` = 1 AND `gd_user`.`deleted_at` IS NULL

2024/12/20 18:01:35 D:/codes/ginDemo/model/entity/menu.go:39
[5.126ms] [rows:0] UPDATE `gd_menu` SET `deleted_at`='2024-12-20 18:01:35.991' WHERE menu_id in (1,2) AND `gd_menu`.`deleted_at` IS NULL

2024/12/20 18:16:35 D:/codes/ginDemo/model/entity/user.go:29
[0.536ms] [rows:1] SELECT * FROM `gd_user` WHERE `gd_user`.`user_id` = 3 AND `gd_user`.`status` = 1 AND `gd_user`.`deleted_at` IS NULL

2024/12/20 18:17:08 D:/codes/ginDemo/model/entity/user.go:29
[0.584ms] [rows:1] SELECT * FROM `gd_user` WHERE `gd_user`.`user_id` = 3 AND `gd_user`.`status` = 1 AND `gd_user`.`deleted_at` IS NULL

2024/12/20 18:17:38 D:/codes/ginDemo/model/entity/user.go:29
[0.000ms] [rows:1] SELECT * FROM `gd_user` WHERE `gd_user`.`user_id` = 3 AND `gd_user`.`status` = 1 AND `gd_user`.`deleted_at` IS NULL

2024/12/20 18:18:37 D:/codes/ginDemo/model/entity/user.go:29
[0.626ms] [rows:1] SELECT * FROM `gd_user` WHERE `gd_user`.`user_id` = 3 AND `gd_user`.`status` = 1 AND `gd_user`.`deleted_at` IS NULL

2024/12/20 18:18:37 D:/codes/ginDemo/model/entity/permissions.go:22 Error 1366 (HY000): Incorrect integer value: 'test' for column 'permissions_name' at row 1
[0.533ms] [rows:0] INSERT INTO `gd_permissions` (`permissions_id`,`handle`,`permissions_name`,`path`,`action`,`status`,`remark`,`modifier`,`created_time`,`modified_time`,`creater`,`modifier_name`,`creater_name`,`deleted_at`) VALUES (0,'admin.user.login','test','/v1/user/login','POST',1,'asdjkagh',0,'0000-00-00 00:00:00','0000-00-00 00:00:00',0,'','',NULL)

2024/12/20 18:20:56 D:/codes/ginDemo/model/entity/user.go:29
[0.512ms] [rows:1] SELECT * FROM `gd_user` WHERE `gd_user`.`user_id` = 3 AND `gd_user`.`status` = 1 AND `gd_user`.`deleted_at` IS NULL

2024/12/20 18:20:56 D:/codes/ginDemo/model/entity/permissions.go:22
[9.044ms] [rows:1] INSERT INTO `gd_permissions` (`permissions_id`,`handle`,`permissions_name`,`path`,`action`,`status`,`remark`,`modifier`,`created_time`,`modified_time`,`creater`,`modifier_name`,`creater_name`,`deleted_at`) VALUES (0,'admin.user.login','test','/v1/user/login','POST',1,'asdjkagh',0,'0000-00-00 00:00:00','0000-00-00 00:00:00',0,'','',NULL)

2024/12/20 18:23:17 D:/codes/ginDemo/model/entity/user.go:29
[0.522ms] [rows:1] SELECT * FROM `gd_user` WHERE `gd_user`.`user_id` = 3 AND `gd_user`.`status` = 1 AND `gd_user`.`deleted_at` IS NULL

2024/12/20 18:23:17 D:/codes/ginDemo/model/entity/permissions.go:22
[17.303ms] [rows:1] INSERT INTO `gd_permissions` (`permissions_id`,`handle`,`permissions_name`,`path`,`action`,`status`,`remark`,`modifier`,`created_time`,`modified_time`,`creater`,`modifier_name`,`creater_name`,`deleted_at`) VALUES (0,'admin.user.login','test1111','/v1/user/login','POST',1,'asdjkagh',0,'0000-00-00 00:00:00','0000-00-00 00:00:00',0,'','',NULL)

2024/12/20 18:24:42 D:/codes/ginDemo/model/entity/user.go:29
[0.512ms] [rows:1] SELECT * FROM `gd_user` WHERE `gd_user`.`user_id` = 3 AND `gd_user`.`status` = 1 AND `gd_user`.`deleted_at` IS NULL

2024/12/20 18:24:42 D:/codes/ginDemo/model/entity/permissions.go:22
[11.267ms] [rows:1] INSERT INTO `gd_permissions` (`permissions_id`,`handle`,`permissions_name`,`path`,`action`,`status`,`remark`,`modifier`,`created_time`,`modified_time`,`creater`,`modifier_name`,`creater_name`,`deleted_at`) VALUES (0,'admin.user.login','test1111','/v1/user/login','POST',1,'asdjkagh',0,'0000-00-00 00:00:00','0000-00-00 00:00:00',0,'','',NULL)
